2018-08-20 10:30:10.902 [main] INFO  o.s.b.t.context.SpringBootTestContextBootstrapper - Neither @ContextConfiguration nor @ContextHierarchy found for test class [cn.inctech.app.StartAppTests], using SpringBootContextLoader
2018-08-20 10:30:10.925 [main] INFO  o.s.test.context.support.AbstractContextLoader - Could not detect default resource locations for test class [cn.inctech.app.StartAppTests]: no resource found for suffixes {-context.xml, Context.groovy}.
2018-08-20 10:30:10.927 [main] INFO  o.s.t.c.support.AnnotationConfigContextLoaderUtils - Could not detect default configuration classes for test class [cn.inctech.app.StartAppTests]: StartAppTests does not declare any static, non-private, non-final, nested classes annotated with @Configuration.
2018-08-20 10:30:11.288 [main] INFO  o.s.b.t.context.SpringBootTestContextBootstrapper - Found @SpringBootConfiguration cn.inctech.app.StartApp for test class cn.inctech.app.StartAppTests
2018-08-20 10:30:11.547 [main] INFO  o.s.b.t.context.SpringBootTestContextBootstrapper - Loaded default TestExecutionListener class names from location [META-INF/spring.factories]: [org.springframework.boot.test.mock.mockito.MockitoTestExecutionListener, org.springframework.boot.test.mock.mockito.ResetMocksTestExecutionListener, org.springframework.boot.test.autoconfigure.restdocs.RestDocsTestExecutionListener, org.springframework.boot.test.autoconfigure.web.client.MockRestServiceServerResetTestExecutionListener, org.springframework.boot.test.autoconfigure.web.servlet.MockMvcPrintOnlyOnFailureTestExecutionListener, org.springframework.boot.test.autoconfigure.web.servlet.WebDriverTestExecutionListener, org.springframework.test.context.web.ServletTestExecutionListener, org.springframework.test.context.support.DirtiesContextBeforeModesTestExecutionListener, org.springframework.test.context.support.DependencyInjectionTestExecutionListener, org.springframework.test.context.support.DirtiesContextTestExecutionListener, org.springframework.test.context.transaction.TransactionalTestExecutionListener, org.springframework.test.context.jdbc.SqlScriptsTestExecutionListener, org.springframework.security.test.context.support.WithSecurityContextTestExecutionListener, org.springframework.security.test.context.support.ReactorContextTestExecutionListener]
2018-08-20 10:30:11.600 [main] INFO  o.s.b.t.context.SpringBootTestContextBootstrapper - Using TestExecutionListeners: [org.springframework.test.context.web.ServletTestExecutionListener@79da8dc5, org.springframework.test.context.support.DirtiesContextBeforeModesTestExecutionListener@1eb5174b, org.springframework.boot.test.mock.mockito.MockitoTestExecutionListener@67080771, org.springframework.boot.test.autoconfigure.SpringBootDependencyInjectionTestExecutionListener@72cde7cc, org.springframework.test.context.support.DirtiesContextTestExecutionListener@5fd4f8f5, org.springframework.test.context.transaction.TransactionalTestExecutionListener@696da30b, org.springframework.test.context.jdbc.SqlScriptsTestExecutionListener@4e7912d8, org.springframework.security.test.context.support.WithSecurityContextTestExecutionListener@53976f5c, org.springframework.security.test.context.support.ReactorContextTestExecutionListener@2bfc268b, org.springframework.boot.test.mock.mockito.ResetMocksTestExecutionListener@2f8dad04, org.springframework.boot.test.autoconfigure.restdocs.RestDocsTestExecutionListener@29e495ff, org.springframework.boot.test.autoconfigure.web.client.MockRestServiceServerResetTestExecutionListener@41e1e210, org.springframework.boot.test.autoconfigure.web.servlet.MockMvcPrintOnlyOnFailureTestExecutionListener@be35cd9, org.springframework.boot.test.autoconfigure.web.servlet.WebDriverTestExecutionListener@4944252c]
2018-08-20 10:30:12.498 [main] INFO  cn.inctech.app.StartAppTests - Starting StartAppTests on srv-work with PID 7680 (started by Administrator in D:\java\work\sts_sp\inc_sys)
2018-08-20 10:30:12.499 [main] INFO  cn.inctech.app.StartAppTests - No active profile set, falling back to default profiles: default
2018-08-20 10:30:12.563 [main] INFO  o.s.w.context.support.GenericWebApplicationContext - Refreshing org.springframework.web.context.support.GenericWebApplicationContext@12a94400: startup date [Mon Aug 20 10:30:12 CST 2018]; root of context hierarchy
2018-08-20 10:30:14.091 [main] INFO  c.u.j.c.EnableEncryptablePropertiesBeanFactoryPostProcessor - Post-processing PropertySource instances
2018-08-20 10:30:14.167 [main] INFO  c.u.j.EncryptablePropertySourceConverter - Converting PropertySource configurationProperties [org.springframework.boot.context.properties.source.ConfigurationPropertySourcesPropertySource] to AOP Proxy
2018-08-20 10:30:14.169 [main] INFO  c.u.j.EncryptablePropertySourceConverter - Converting PropertySource Inlined Test Properties [org.springframework.core.env.MapPropertySource] to EncryptableMapPropertySourceWrapper
2018-08-20 10:30:14.169 [main] INFO  c.u.j.EncryptablePropertySourceConverter - Converting PropertySource systemProperties [org.springframework.core.env.MapPropertySource] to EncryptableMapPropertySourceWrapper
2018-08-20 10:30:14.169 [main] INFO  c.u.j.EncryptablePropertySourceConverter - Converting PropertySource systemEnvironment [org.springframework.boot.env.SystemEnvironmentPropertySourceEnvironmentPostProcessor$OriginAwareSystemEnvironmentPropertySource] to EncryptableMapPropertySourceWrapper
2018-08-20 10:30:14.169 [main] INFO  c.u.j.EncryptablePropertySourceConverter - Converting PropertySource random [org.springframework.boot.env.RandomValuePropertySource] to EncryptablePropertySourceWrapper
2018-08-20 10:30:14.169 [main] INFO  c.u.j.EncryptablePropertySourceConverter - Converting PropertySource applicationConfig: [classpath:/application.yml] [org.springframework.boot.env.OriginTrackedMapPropertySource] to EncryptableMapPropertySourceWrapper
2018-08-20 10:30:14.246 [main] INFO  c.u.j.filter.DefaultLazyPropertyFilter - Property Filter custom Bean not found with name 'encryptablePropertyFilter'. Initializing Default Property Filter
2018-08-20 10:30:14.330 [main] INFO  o.s.c.s.PostProcessorRegistrationDelegate$BeanPostProcessorChecker - Bean 'org.springframework.transaction.annotation.ProxyTransactionManagementConfiguration' of type [org.springframework.transaction.annotation.ProxyTransactionManagementConfiguration$$EnhancerBySpringCGLIB$$72c0dea7] is not eligible for getting processed by all BeanPostProcessors (for example: not eligible for auto-proxying)
2018-08-20 10:30:14.516 [main] INFO  o.s.c.s.PostProcessorRegistrationDelegate$BeanPostProcessorChecker - Bean 'org.springframework.security.config.annotation.configuration.ObjectPostProcessorConfiguration' of type [org.springframework.security.config.annotation.configuration.ObjectPostProcessorConfiguration$$EnhancerBySpringCGLIB$$b6ea6e1] is not eligible for getting processed by all BeanPostProcessors (for example: not eligible for auto-proxying)
2018-08-20 10:30:14.589 [main] INFO  o.s.c.s.PostProcessorRegistrationDelegate$BeanPostProcessorChecker - Bean 'objectPostProcessor' of type [org.springframework.security.config.annotation.configuration.AutowireBeanFactoryObjectPostProcessor] is not eligible for getting processed by all BeanPostProcessors (for example: not eligible for auto-proxying)
2018-08-20 10:30:14.594 [main] INFO  o.s.c.s.PostProcessorRegistrationDelegate$BeanPostProcessorChecker - Bean 'org.springframework.security.access.expression.method.DefaultMethodSecurityExpressionHandler@228cea97' of type [org.springframework.security.access.expression.method.DefaultMethodSecurityExpressionHandler] is not eligible for getting processed by all BeanPostProcessors (for example: not eligible for auto-proxying)
2018-08-20 10:30:14.600 [main] INFO  o.s.c.s.PostProcessorRegistrationDelegate$BeanPostProcessorChecker - Bean 'org.springframework.security.config.annotation.method.configuration.GlobalMethodSecurityConfiguration' of type [org.springframework.security.config.annotation.method.configuration.GlobalMethodSecurityConfiguration$$EnhancerBySpringCGLIB$$30434993] is not eligible for getting processed by all BeanPostProcessors (for example: not eligible for auto-proxying)
2018-08-20 10:30:14.631 [main] INFO  o.s.c.s.PostProcessorRegistrationDelegate$BeanPostProcessorChecker - Bean 'methodSecurityMetadataSource' of type [org.springframework.security.access.method.DelegatingMethodSecurityMetadataSource] is not eligible for getting processed by all BeanPostProcessors (for example: not eligible for auto-proxying)
2018-08-20 10:30:14.762 [main] INFO  c.u.j.resolver.DefaultLazyPropertyResolver - Property Resolver custom Bean not found with name 'encryptablePropertyResolver'. Initializing Default Property Resolver
2018-08-20 10:30:14.778 [main] INFO  c.u.j.detector.DefaultLazyPropertyDetector - Property Detector custom Bean not found with name 'encryptablePropertyDetector'. Initializing Default Property Detector
2018-08-20 10:30:15.315 [main] INFO  com.alibaba.druid.pool.DruidDataSource - {dataSource-1} inited
2018-08-20 10:30:15.662 [main] INFO  o.s.orm.jpa.LocalContainerEntityManagerFactoryBean - Building JPA container EntityManagerFactory for persistence unit 'default'
2018-08-20 10:30:15.689 [main] INFO  org.hibernate.jpa.internal.util.LogHelper - HHH000204: Processing PersistenceUnitInfo [
	name: default
	...]
2018-08-20 10:30:15.798 [main] INFO  org.hibernate.Version - HHH000412: Hibernate Core {5.2.17.Final}
2018-08-20 10:30:15.800 [main] INFO  org.hibernate.cfg.Environment - HHH000206: hibernate.properties not found
2018-08-20 10:30:15.847 [main] INFO  org.hibernate.annotations.common.Version - HCANN000001: Hibernate Commons Annotations {5.0.1.Final}
2018-08-20 10:30:16.016 [main] INFO  org.hibernate.dialect.Dialect - HHH000400: Using dialect: org.hibernate.dialect.MySQL5Dialect
2018-08-20 10:30:16.721 [main] INFO  o.s.orm.jpa.LocalContainerEntityManagerFactoryBean - Initialized JPA EntityManagerFactory for persistence unit 'default'
2018-08-20 10:30:17.257 [main] INFO  o.s.w.s.m.m.a.RequestMappingHandlerMapping - Mapped "{[/]}" onto public java.lang.String cn.inctech.app.biz.demo.hello.action.HelloAction.index()
2018-08-20 10:30:17.257 [main] INFO  o.s.w.s.m.m.a.RequestMappingHandlerMapping - Mapped "{[/user_insert]}" onto public java.util.Map<java.lang.String, java.lang.Object> cn.inctech.app.biz.demo.user.action.UserAction.user_insert(cn.inctech.app.biz.demo.user.dao.UserModel)
2018-08-20 10:30:17.257 [main] INFO  o.s.w.s.m.m.a.RequestMappingHandlerMapping - Mapped "{[/login_page]}" onto public java.lang.String cn.inctech.app.sys.action.SysAction.login_page()
2018-08-20 10:30:17.257 [main] INFO  o.s.w.s.m.m.a.RequestMappingHandlerMapping - Mapped "{[/403]}" onto public void cn.inctech.app.sys.action.SysAction.access_403()
2018-08-20 10:30:17.257 [main] INFO  o.s.w.s.m.m.a.RequestMappingHandlerMapping - Mapped "{[/login_success]}" onto public java.util.Map<java.lang.String, java.lang.Object> cn.inctech.app.sys.action.SysAction.login_success()
2018-08-20 10:30:17.257 [main] INFO  o.s.w.s.m.m.a.RequestMappingHandlerMapping - Mapped "{[/login_pass_error]}" onto public java.util.Map<java.lang.String, java.lang.Object> cn.inctech.app.sys.action.SysAction.login_pass_error()
2018-08-20 10:30:17.257 [main] INFO  o.s.w.s.m.m.a.RequestMappingHandlerMapping - Mapped "{[/login],methods=[GET]}" onto public void cn.inctech.app.sys.action.SysAction.login_error(java.lang.String)
2018-08-20 10:30:17.257 [main] INFO  o.s.w.s.m.m.a.RequestMappingHandlerMapping - Mapped "{[/login],methods=[POST]}" onto public void cn.inctech.app.sys.action.SysAction.pass_error(java.lang.String)
2018-08-20 10:30:17.275 [main] INFO  o.s.w.s.m.m.a.RequestMappingHandlerMapping - Mapped "{[/error]}" onto public org.springframework.http.ResponseEntity<java.util.Map<java.lang.String, java.lang.Object>> org.springframework.boot.autoconfigure.web.servlet.error.BasicErrorController.error(javax.servlet.http.HttpServletRequest)
2018-08-20 10:30:17.276 [main] INFO  o.s.w.s.m.m.a.RequestMappingHandlerMapping - Mapped "{[/error],produces=[text/html]}" onto public org.springframework.web.servlet.ModelAndView org.springframework.boot.autoconfigure.web.servlet.error.BasicErrorController.errorHtml(javax.servlet.http.HttpServletRequest,javax.servlet.http.HttpServletResponse)
2018-08-20 10:30:17.429 [main] INFO  o.s.w.s.m.m.a.RequestMappingHandlerAdapter - Looking for @ControllerAdvice: org.springframework.web.context.support.GenericWebApplicationContext@12a94400: startup date [Mon Aug 20 10:30:12 CST 2018]; root of context hierarchy
2018-08-20 10:30:17.513 [main] INFO  o.s.w.s.m.m.a.ExceptionHandlerExceptionResolver - Detected @ExceptionHandler methods in sysActionHadnler
2018-08-20 10:30:17.916 [main] INFO  o.s.security.web.DefaultSecurityFilterChain - Creating filter chain: org.springframework.security.web.util.matcher.AnyRequestMatcher@1, [org.springframework.security.web.context.request.async.WebAsyncManagerIntegrationFilter@5bb8e6fc, org.springframework.security.web.context.SecurityContextPersistenceFilter@5d7dd549, org.springframework.security.web.header.HeaderWriterFilter@1a914089, org.springframework.security.web.csrf.CsrfFilter@45554613, org.springframework.security.web.authentication.logout.LogoutFilter@38159384, cn.inctech.app.common.security.spring.KaptchaAuthenticationFilter@2726a511, org.springframework.security.web.authentication.UsernamePasswordAuthenticationFilter@76563ae7, org.springframework.security.web.savedrequest.RequestCacheAwareFilter@6459f4ea, org.springframework.security.web.servletapi.SecurityContextHolderAwareRequestFilter@12192604, org.springframework.security.web.authentication.rememberme.RememberMeAuthenticationFilter@d87d449, org.springframework.security.web.authentication.AnonymousAuthenticationFilter@72c9ebfa, org.springframework.security.web.session.SessionManagementFilter@4a2bf50f, org.springframework.security.web.access.ExceptionTranslationFilter@3f6cce7f, org.springframework.security.web.access.intercept.FilterSecurityInterceptor@67f946c3]
2018-08-20 10:30:18.294 [main] WARN  o.s.b.a.o.j.JpaBaseConfiguration$JpaWebConfiguration$JpaWebMvcConfiguration - spring.jpa.open-in-view is enabled by default. Therefore, database queries may be performed during view rendering. Explicitly configure spring.jpa.open-in-view to disable this warning
2018-08-20 10:30:18.862 [main] INFO  o.s.b.a.s.s.UserDetailsServiceAutoConfiguration - 

Using generated security password: b44df289-3bcb-4a12-98bf-7fe47e6f0219

2018-08-20 10:30:18.889 [main] INFO  cn.inctech.app.StartAppTests - Started StartAppTests in 7.156 seconds (JVM running for 9.766)
2018-08-20 10:30:20.071 [Thread-3] INFO  o.s.w.context.support.GenericWebApplicationContext - Closing org.springframework.web.context.support.GenericWebApplicationContext@12a94400: startup date [Mon Aug 20 10:30:12 CST 2018]; root of context hierarchy
2018-08-20 10:30:20.098 [Thread-3] INFO  o.s.orm.jpa.LocalContainerEntityManagerFactoryBean - Closing JPA EntityManagerFactory for persistence unit 'default'
2018-08-20 10:30:20.122 [Thread-3] INFO  com.alibaba.druid.pool.DruidDataSource - {dataSource-1} closed
2018-08-20 10:31:12.040 [main] INFO  o.s.b.t.context.SpringBootTestContextBootstrapper - Neither @ContextConfiguration nor @ContextHierarchy found for test class [cn.inctech.app.biz.demo.user.service.UserServiceImpTest], using SpringBootContextLoader
2018-08-20 10:31:12.063 [main] INFO  o.s.test.context.support.AbstractContextLoader - Could not detect default resource locations for test class [cn.inctech.app.biz.demo.user.service.UserServiceImpTest]: no resource found for suffixes {-context.xml, Context.groovy}.
2018-08-20 10:31:12.065 [main] INFO  o.s.t.c.support.AnnotationConfigContextLoaderUtils - Could not detect default configuration classes for test class [cn.inctech.app.biz.demo.user.service.UserServiceImpTest]: UserServiceImpTest does not declare any static, non-private, non-final, nested classes annotated with @Configuration.
2018-08-20 10:31:12.461 [main] INFO  o.s.b.t.context.SpringBootTestContextBootstrapper - Found @SpringBootConfiguration cn.inctech.app.StartApp for test class cn.inctech.app.biz.demo.user.service.UserServiceImpTest
2018-08-20 10:31:12.761 [main] INFO  o.s.b.t.context.SpringBootTestContextBootstrapper - Loaded default TestExecutionListener class names from location [META-INF/spring.factories]: [org.springframework.boot.test.mock.mockito.MockitoTestExecutionListener, org.springframework.boot.test.mock.mockito.ResetMocksTestExecutionListener, org.springframework.boot.test.autoconfigure.restdocs.RestDocsTestExecutionListener, org.springframework.boot.test.autoconfigure.web.client.MockRestServiceServerResetTestExecutionListener, org.springframework.boot.test.autoconfigure.web.servlet.MockMvcPrintOnlyOnFailureTestExecutionListener, org.springframework.boot.test.autoconfigure.web.servlet.WebDriverTestExecutionListener, org.springframework.test.context.web.ServletTestExecutionListener, org.springframework.test.context.support.DirtiesContextBeforeModesTestExecutionListener, org.springframework.test.context.support.DependencyInjectionTestExecutionListener, org.springframework.test.context.support.DirtiesContextTestExecutionListener, org.springframework.test.context.transaction.TransactionalTestExecutionListener, org.springframework.test.context.jdbc.SqlScriptsTestExecutionListener, org.springframework.security.test.context.support.WithSecurityContextTestExecutionListener, org.springframework.security.test.context.support.ReactorContextTestExecutionListener]
2018-08-20 10:31:12.797 [main] INFO  o.s.b.t.context.SpringBootTestContextBootstrapper - Using TestExecutionListeners: [org.springframework.test.context.web.ServletTestExecutionListener@2e55dd0c, org.springframework.test.context.support.DirtiesContextBeforeModesTestExecutionListener@74455848, org.springframework.boot.test.mock.mockito.MockitoTestExecutionListener@e7edb54, org.springframework.boot.test.autoconfigure.SpringBootDependencyInjectionTestExecutionListener@378542de, org.springframework.test.context.support.DirtiesContextTestExecutionListener@3738449f, org.springframework.test.context.transaction.TransactionalTestExecutionListener@69e1dd28, org.springframework.test.context.jdbc.SqlScriptsTestExecutionListener@11bd0f3b, org.springframework.security.test.context.support.WithSecurityContextTestExecutionListener@c333c60, org.springframework.security.test.context.support.ReactorContextTestExecutionListener@79da8dc5, org.springframework.boot.test.mock.mockito.ResetMocksTestExecutionListener@1eb5174b, org.springframework.boot.test.autoconfigure.restdocs.RestDocsTestExecutionListener@67080771, org.springframework.boot.test.autoconfigure.web.client.MockRestServiceServerResetTestExecutionListener@72cde7cc, org.springframework.boot.test.autoconfigure.web.servlet.MockMvcPrintOnlyOnFailureTestExecutionListener@5fd4f8f5, org.springframework.boot.test.autoconfigure.web.servlet.WebDriverTestExecutionListener@696da30b]
2018-08-20 10:31:13.510 [main] INFO  c.i.app.biz.demo.user.service.UserServiceImpTest - Starting UserServiceImpTest on srv-work with PID 4844 (started by Administrator in D:\java\work\sts_sp\inc_sys)
2018-08-20 10:31:13.511 [main] INFO  c.i.app.biz.demo.user.service.UserServiceImpTest - No active profile set, falling back to default profiles: default
2018-08-20 10:31:13.561 [main] INFO  o.s.w.context.support.GenericWebApplicationContext - Refreshing org.springframework.web.context.support.GenericWebApplicationContext@57ad2aa7: startup date [Mon Aug 20 10:31:13 CST 2018]; root of context hierarchy
2018-08-20 10:31:14.993 [main] INFO  c.u.j.c.EnableEncryptablePropertiesBeanFactoryPostProcessor - Post-processing PropertySource instances
2018-08-20 10:31:15.106 [main] INFO  c.u.j.EncryptablePropertySourceConverter - Converting PropertySource configurationProperties [org.springframework.boot.context.properties.source.ConfigurationPropertySourcesPropertySource] to AOP Proxy
2018-08-20 10:31:15.106 [main] INFO  c.u.j.EncryptablePropertySourceConverter - Converting PropertySource Inlined Test Properties [org.springframework.core.env.MapPropertySource] to EncryptableMapPropertySourceWrapper
2018-08-20 10:31:15.106 [main] INFO  c.u.j.EncryptablePropertySourceConverter - Converting PropertySource systemProperties [org.springframework.core.env.MapPropertySource] to EncryptableMapPropertySourceWrapper
2018-08-20 10:31:15.106 [main] INFO  c.u.j.EncryptablePropertySourceConverter - Converting PropertySource systemEnvironment [org.springframework.boot.env.SystemEnvironmentPropertySourceEnvironmentPostProcessor$OriginAwareSystemEnvironmentPropertySource] to EncryptableMapPropertySourceWrapper
2018-08-20 10:31:15.106 [main] INFO  c.u.j.EncryptablePropertySourceConverter - Converting PropertySource random [org.springframework.boot.env.RandomValuePropertySource] to EncryptablePropertySourceWrapper
2018-08-20 10:31:15.106 [main] INFO  c.u.j.EncryptablePropertySourceConverter - Converting PropertySource applicationConfig: [classpath:/application.yml] [org.springframework.boot.env.OriginTrackedMapPropertySource] to EncryptableMapPropertySourceWrapper
2018-08-20 10:31:15.249 [main] INFO  c.u.j.filter.DefaultLazyPropertyFilter - Property Filter custom Bean not found with name 'encryptablePropertyFilter'. Initializing Default Property Filter
2018-08-20 10:31:15.345 [main] INFO  o.s.c.s.PostProcessorRegistrationDelegate$BeanPostProcessorChecker - Bean 'org.springframework.transaction.annotation.ProxyTransactionManagementConfiguration' of type [org.springframework.transaction.annotation.ProxyTransactionManagementConfiguration$$EnhancerBySpringCGLIB$$b0ef3fc2] is not eligible for getting processed by all BeanPostProcessors (for example: not eligible for auto-proxying)
2018-08-20 10:31:15.485 [main] INFO  o.s.c.s.PostProcessorRegistrationDelegate$BeanPostProcessorChecker - Bean 'org.springframework.security.config.annotation.configuration.ObjectPostProcessorConfiguration' of type [org.springframework.security.config.annotation.configuration.ObjectPostProcessorConfiguration$$EnhancerBySpringCGLIB$$499d07fc] is not eligible for getting processed by all BeanPostProcessors (for example: not eligible for auto-proxying)
2018-08-20 10:31:15.497 [main] INFO  o.s.c.s.PostProcessorRegistrationDelegate$BeanPostProcessorChecker - Bean 'objectPostProcessor' of type [org.springframework.security.config.annotation.configuration.AutowireBeanFactoryObjectPostProcessor] is not eligible for getting processed by all BeanPostProcessors (for example: not eligible for auto-proxying)
2018-08-20 10:31:15.500 [main] INFO  o.s.c.s.PostProcessorRegistrationDelegate$BeanPostProcessorChecker - Bean 'org.springframework.security.access.expression.method.DefaultMethodSecurityExpressionHandler@4e17913b' of type [org.springframework.security.access.expression.method.DefaultMethodSecurityExpressionHandler] is not eligible for getting processed by all BeanPostProcessors (for example: not eligible for auto-proxying)
2018-08-20 10:31:15.509 [main] INFO  o.s.c.s.PostProcessorRegistrationDelegate$BeanPostProcessorChecker - Bean 'org.springframework.security.config.annotation.method.configuration.GlobalMethodSecurityConfiguration' of type [org.springframework.security.config.annotation.method.configuration.GlobalMethodSecurityConfiguration$$EnhancerBySpringCGLIB$$6e71aaae] is not eligible for getting processed by all BeanPostProcessors (for example: not eligible for auto-proxying)
2018-08-20 10:31:15.557 [main] INFO  o.s.c.s.PostProcessorRegistrationDelegate$BeanPostProcessorChecker - Bean 'methodSecurityMetadataSource' of type [org.springframework.security.access.method.DelegatingMethodSecurityMetadataSource] is not eligible for getting processed by all BeanPostProcessors (for example: not eligible for auto-proxying)
2018-08-20 10:31:15.604 [main] INFO  c.u.j.resolver.DefaultLazyPropertyResolver - Property Resolver custom Bean not found with name 'encryptablePropertyResolver'. Initializing Default Property Resolver
2018-08-20 10:31:15.604 [main] INFO  c.u.j.detector.DefaultLazyPropertyDetector - Property Detector custom Bean not found with name 'encryptablePropertyDetector'. Initializing Default Property Detector
2018-08-20 10:31:16.045 [main] INFO  com.alibaba.druid.pool.DruidDataSource - {dataSource-1} inited
2018-08-20 10:31:16.323 [main] INFO  o.s.orm.jpa.LocalContainerEntityManagerFactoryBean - Building JPA container EntityManagerFactory for persistence unit 'default'
2018-08-20 10:31:16.339 [main] INFO  org.hibernate.jpa.internal.util.LogHelper - HHH000204: Processing PersistenceUnitInfo [
	name: default
	...]
2018-08-20 10:31:16.413 [main] INFO  org.hibernate.Version - HHH000412: Hibernate Core {5.2.17.Final}
2018-08-20 10:31:16.413 [main] INFO  org.hibernate.cfg.Environment - HHH000206: hibernate.properties not found
2018-08-20 10:31:16.460 [main] INFO  org.hibernate.annotations.common.Version - HCANN000001: Hibernate Commons Annotations {5.0.1.Final}
2018-08-20 10:31:16.587 [main] INFO  org.hibernate.dialect.Dialect - HHH000400: Using dialect: org.hibernate.dialect.MySQL5Dialect
2018-08-20 10:31:16.839 [main] INFO  o.s.orm.jpa.LocalContainerEntityManagerFactoryBean - Initialized JPA EntityManagerFactory for persistence unit 'default'
2018-08-20 10:31:17.160 [main] INFO  o.s.w.s.m.m.a.RequestMappingHandlerMapping - Mapped "{[/]}" onto public java.lang.String cn.inctech.app.biz.demo.hello.action.HelloAction.index()
2018-08-20 10:31:17.175 [main] INFO  o.s.w.s.m.m.a.RequestMappingHandlerMapping - Mapped "{[/user_insert]}" onto public java.util.Map<java.lang.String, java.lang.Object> cn.inctech.app.biz.demo.user.action.UserAction.user_insert(cn.inctech.app.biz.demo.user.dao.UserModel)
2018-08-20 10:31:17.176 [main] INFO  o.s.w.s.m.m.a.RequestMappingHandlerMapping - Mapped "{[/login],methods=[POST]}" onto public void cn.inctech.app.sys.action.SysAction.pass_error(java.lang.String)
2018-08-20 10:31:17.177 [main] INFO  o.s.w.s.m.m.a.RequestMappingHandlerMapping - Mapped "{[/403]}" onto public void cn.inctech.app.sys.action.SysAction.access_403()
2018-08-20 10:31:17.177 [main] INFO  o.s.w.s.m.m.a.RequestMappingHandlerMapping - Mapped "{[/login_pass_error]}" onto public java.util.Map<java.lang.String, java.lang.Object> cn.inctech.app.sys.action.SysAction.login_pass_error()
2018-08-20 10:31:17.177 [main] INFO  o.s.w.s.m.m.a.RequestMappingHandlerMapping - Mapped "{[/login_success]}" onto public java.util.Map<java.lang.String, java.lang.Object> cn.inctech.app.sys.action.SysAction.login_success()
2018-08-20 10:31:17.177 [main] INFO  o.s.w.s.m.m.a.RequestMappingHandlerMapping - Mapped "{[/login],methods=[GET]}" onto public void cn.inctech.app.sys.action.SysAction.login_error(java.lang.String)
2018-08-20 10:31:17.178 [main] INFO  o.s.w.s.m.m.a.RequestMappingHandlerMapping - Mapped "{[/login_page]}" onto public java.lang.String cn.inctech.app.sys.action.SysAction.login_page()
2018-08-20 10:31:17.183 [main] INFO  o.s.w.s.m.m.a.RequestMappingHandlerMapping - Mapped "{[/error]}" onto public org.springframework.http.ResponseEntity<java.util.Map<java.lang.String, java.lang.Object>> org.springframework.boot.autoconfigure.web.servlet.error.BasicErrorController.error(javax.servlet.http.HttpServletRequest)
2018-08-20 10:31:17.183 [main] INFO  o.s.w.s.m.m.a.RequestMappingHandlerMapping - Mapped "{[/error],produces=[text/html]}" onto public org.springframework.web.servlet.ModelAndView org.springframework.boot.autoconfigure.web.servlet.error.BasicErrorController.errorHtml(javax.servlet.http.HttpServletRequest,javax.servlet.http.HttpServletResponse)
2018-08-20 10:31:17.308 [main] INFO  o.s.w.s.m.m.a.RequestMappingHandlerAdapter - Looking for @ControllerAdvice: org.springframework.web.context.support.GenericWebApplicationContext@57ad2aa7: startup date [Mon Aug 20 10:31:13 CST 2018]; root of context hierarchy
2018-08-20 10:31:17.355 [main] INFO  o.s.w.s.m.m.a.ExceptionHandlerExceptionResolver - Detected @ExceptionHandler methods in sysActionHadnler
2018-08-20 10:31:17.746 [main] INFO  o.s.security.web.DefaultSecurityFilterChain - Creating filter chain: org.springframework.security.web.util.matcher.AnyRequestMatcher@1, [org.springframework.security.web.context.request.async.WebAsyncManagerIntegrationFilter@682e422c, org.springframework.security.web.context.SecurityContextPersistenceFilter@6b70d1fb, org.springframework.security.web.header.HeaderWriterFilter@342ee097, org.springframework.security.web.csrf.CsrfFilter@37d28938, org.springframework.security.web.authentication.logout.LogoutFilter@55361f03, cn.inctech.app.common.security.spring.KaptchaAuthenticationFilter@5bb8e6fc, org.springframework.security.web.authentication.UsernamePasswordAuthenticationFilter@5d1bdd4a, org.springframework.security.web.savedrequest.RequestCacheAwareFilter@7da1e005, org.springframework.security.web.servletapi.SecurityContextHolderAwareRequestFilter@4eeab3e, org.springframework.security.web.authentication.rememberme.RememberMeAuthenticationFilter@73e4387, org.springframework.security.web.authentication.AnonymousAuthenticationFilter@2726a511, org.springframework.security.web.session.SessionManagementFilter@12192604, org.springframework.security.web.access.ExceptionTranslationFilter@7ac48e10, org.springframework.security.web.access.intercept.FilterSecurityInterceptor@4fd74223]
2018-08-20 10:31:18.114 [main] WARN  o.s.b.a.o.j.JpaBaseConfiguration$JpaWebConfiguration$JpaWebMvcConfiguration - spring.jpa.open-in-view is enabled by default. Therefore, database queries may be performed during view rendering. Explicitly configure spring.jpa.open-in-view to disable this warning
2018-08-20 10:31:18.689 [main] INFO  o.s.b.a.s.s.UserDetailsServiceAutoConfiguration - 

Using generated security password: f1c13e4b-c6e4-4e16-8d80-d856b6ecad1d

2018-08-20 10:31:18.700 [main] INFO  c.i.app.biz.demo.user.service.UserServiceImpTest - Started UserServiceImpTest in 5.789 seconds (JVM running for 8.334)
2018-08-20 10:31:18.844 [main] INFO  cn.inctech.app.common.advice.BizAdvice - dao mehtod--[insert] start at 2018-08-20 10:31:18...
2018-08-20 10:31:18.934 [main] INFO  cn.inctech.app.common.advice.BizAdvice - dao mehtod--[insert] start at 2018-08-20 10:31:18...
2018-08-20 10:31:19.013 [main] INFO  o.s.beans.factory.xml.XmlBeanDefinitionReader - Loading XML bean definitions from class path resource [org/springframework/jdbc/support/sql-error-codes.xml]
2018-08-20 10:31:19.060 [main] INFO  cn.inctech.app.common.advice.BizAdvice - dao mehtod--[insert] error: 
### Error updating database.  Cause: com.mysql.jdbc.exceptions.jdbc4.MySQLIntegrityConstraintViolationException: Duplicate entry 'tom_001' for key 'PRIMARY'
### The error may involve cn.inctech.app.biz.demo.user.dao.UserMapper.insert-Inline
### The error occurred while setting parameters
### SQL: insert into s_user(userid,username,password,status,email,descr) values(?,?,?,?,?,?)
### Cause: com.mysql.jdbc.exceptions.jdbc4.MySQLIntegrityConstraintViolationException: Duplicate entry 'tom_001' for key 'PRIMARY'
; ]; Duplicate entry 'tom_001' for key 'PRIMARY'; nested exception is com.mysql.jdbc.exceptions.jdbc4.MySQLIntegrityConstraintViolationException: Duplicate entry 'tom_001' for key 'PRIMARY'
2018-08-20 10:31:19.060 [main] INFO  cn.inctech.app.common.advice.BizAdvice - dao mehtod--[insert] end at 2018-08-20 10:31:19...
2018-08-20 10:31:19.060 [main] INFO  cn.inctech.app.common.advice.BizAdvice - dao mehtod--[insert] error: org.springframework.dao.DuplicateKeyException: 
### Error updating database.  Cause: com.mysql.jdbc.exceptions.jdbc4.MySQLIntegrityConstraintViolationException: Duplicate entry 'tom_001' for key 'PRIMARY'
### The error may involve cn.inctech.app.biz.demo.user.dao.UserMapper.insert-Inline
### The error occurred while setting parameters
### SQL: insert into s_user(userid,username,password,status,email,descr) values(?,?,?,?,?,?)
### Cause: com.mysql.jdbc.exceptions.jdbc4.MySQLIntegrityConstraintViolationException: Duplicate entry 'tom_001' for key 'PRIMARY'
; ]; Duplicate entry 'tom_001' for key 'PRIMARY'; nested exception is com.mysql.jdbc.exceptions.jdbc4.MySQLIntegrityConstraintViolationException: Duplicate entry 'tom_001' for key 'PRIMARY'
2018-08-20 10:31:19.060 [main] INFO  cn.inctech.app.common.advice.BizAdvice - dao mehtod--[insert] end at 2018-08-20 10:31:19...
2018-08-20 10:31:19.094 [Thread-3] INFO  o.s.w.context.support.GenericWebApplicationContext - Closing org.springframework.web.context.support.GenericWebApplicationContext@57ad2aa7: startup date [Mon Aug 20 10:31:13 CST 2018]; root of context hierarchy
2018-08-20 10:31:19.100 [Thread-3] INFO  o.s.orm.jpa.LocalContainerEntityManagerFactoryBean - Closing JPA EntityManagerFactory for persistence unit 'default'
2018-08-20 10:31:19.107 [Thread-3] INFO  com.alibaba.druid.pool.DruidDataSource - {dataSource-1} closed
2018-08-20 10:34:07.770 [main] INFO  o.s.b.t.context.SpringBootTestContextBootstrapper - Neither @ContextConfiguration nor @ContextHierarchy found for test class [cn.inctech.app.biz.demo.user.service.UserServiceImpTest], using SpringBootContextLoader
2018-08-20 10:34:07.795 [main] INFO  o.s.test.context.support.AbstractContextLoader - Could not detect default resource locations for test class [cn.inctech.app.biz.demo.user.service.UserServiceImpTest]: no resource found for suffixes {-context.xml, Context.groovy}.
2018-08-20 10:34:07.797 [main] INFO  o.s.t.c.support.AnnotationConfigContextLoaderUtils - Could not detect default configuration classes for test class [cn.inctech.app.biz.demo.user.service.UserServiceImpTest]: UserServiceImpTest does not declare any static, non-private, non-final, nested classes annotated with @Configuration.
2018-08-20 10:34:08.127 [main] INFO  o.s.b.t.context.SpringBootTestContextBootstrapper - Found @SpringBootConfiguration cn.inctech.app.StartApp for test class cn.inctech.app.biz.demo.user.service.UserServiceImpTest
2018-08-20 10:34:08.407 [main] INFO  o.s.b.t.context.SpringBootTestContextBootstrapper - Loaded default TestExecutionListener class names from location [META-INF/spring.factories]: [org.springframework.boot.test.mock.mockito.MockitoTestExecutionListener, org.springframework.boot.test.mock.mockito.ResetMocksTestExecutionListener, org.springframework.boot.test.autoconfigure.restdocs.RestDocsTestExecutionListener, org.springframework.boot.test.autoconfigure.web.client.MockRestServiceServerResetTestExecutionListener, org.springframework.boot.test.autoconfigure.web.servlet.MockMvcPrintOnlyOnFailureTestExecutionListener, org.springframework.boot.test.autoconfigure.web.servlet.WebDriverTestExecutionListener, org.springframework.test.context.web.ServletTestExecutionListener, org.springframework.test.context.support.DirtiesContextBeforeModesTestExecutionListener, org.springframework.test.context.support.DependencyInjectionTestExecutionListener, org.springframework.test.context.support.DirtiesContextTestExecutionListener, org.springframework.test.context.transaction.TransactionalTestExecutionListener, org.springframework.test.context.jdbc.SqlScriptsTestExecutionListener, org.springframework.security.test.context.support.WithSecurityContextTestExecutionListener, org.springframework.security.test.context.support.ReactorContextTestExecutionListener]
2018-08-20 10:34:08.439 [main] INFO  o.s.b.t.context.SpringBootTestContextBootstrapper - Using TestExecutionListeners: [org.springframework.test.context.web.ServletTestExecutionListener@2e55dd0c, org.springframework.test.context.support.DirtiesContextBeforeModesTestExecutionListener@74455848, org.springframework.boot.test.mock.mockito.MockitoTestExecutionListener@e7edb54, org.springframework.boot.test.autoconfigure.SpringBootDependencyInjectionTestExecutionListener@378542de, org.springframework.test.context.support.DirtiesContextTestExecutionListener@3738449f, org.springframework.test.context.transaction.TransactionalTestExecutionListener@69e1dd28, org.springframework.test.context.jdbc.SqlScriptsTestExecutionListener@11bd0f3b, org.springframework.security.test.context.support.WithSecurityContextTestExecutionListener@c333c60, org.springframework.security.test.context.support.ReactorContextTestExecutionListener@79da8dc5, org.springframework.boot.test.mock.mockito.ResetMocksTestExecutionListener@1eb5174b, org.springframework.boot.test.autoconfigure.restdocs.RestDocsTestExecutionListener@67080771, org.springframework.boot.test.autoconfigure.web.client.MockRestServiceServerResetTestExecutionListener@72cde7cc, org.springframework.boot.test.autoconfigure.web.servlet.MockMvcPrintOnlyOnFailureTestExecutionListener@5fd4f8f5, org.springframework.boot.test.autoconfigure.web.servlet.WebDriverTestExecutionListener@696da30b]
2018-08-20 10:34:09.311 [main] INFO  c.i.app.biz.demo.user.service.UserServiceImpTest - Starting UserServiceImpTest on srv-work with PID 8992 (started by Administrator in D:\java\work\sts_sp\inc_sys)
2018-08-20 10:34:09.311 [main] INFO  c.i.app.biz.demo.user.service.UserServiceImpTest - No active profile set, falling back to default profiles: default
2018-08-20 10:34:09.406 [main] INFO  o.s.w.context.support.GenericWebApplicationContext - Refreshing org.springframework.web.context.support.GenericWebApplicationContext@57ad2aa7: startup date [Mon Aug 20 10:34:09 CST 2018]; root of context hierarchy
2018-08-20 10:34:11.038 [main] INFO  c.u.j.c.EnableEncryptablePropertiesBeanFactoryPostProcessor - Post-processing PropertySource instances
2018-08-20 10:34:11.180 [main] INFO  c.u.j.EncryptablePropertySourceConverter - Converting PropertySource configurationProperties [org.springframework.boot.context.properties.source.ConfigurationPropertySourcesPropertySource] to AOP Proxy
2018-08-20 10:34:11.182 [main] INFO  c.u.j.EncryptablePropertySourceConverter - Converting PropertySource Inlined Test Properties [org.springframework.core.env.MapPropertySource] to EncryptableMapPropertySourceWrapper
2018-08-20 10:34:11.182 [main] INFO  c.u.j.EncryptablePropertySourceConverter - Converting PropertySource systemProperties [org.springframework.core.env.MapPropertySource] to EncryptableMapPropertySourceWrapper
2018-08-20 10:34:11.182 [main] INFO  c.u.j.EncryptablePropertySourceConverter - Converting PropertySource systemEnvironment [org.springframework.boot.env.SystemEnvironmentPropertySourceEnvironmentPostProcessor$OriginAwareSystemEnvironmentPropertySource] to EncryptableMapPropertySourceWrapper
2018-08-20 10:34:11.183 [main] INFO  c.u.j.EncryptablePropertySourceConverter - Converting PropertySource random [org.springframework.boot.env.RandomValuePropertySource] to EncryptablePropertySourceWrapper
2018-08-20 10:34:11.183 [main] INFO  c.u.j.EncryptablePropertySourceConverter - Converting PropertySource applicationConfig: [classpath:/application.yml] [org.springframework.boot.env.OriginTrackedMapPropertySource] to EncryptableMapPropertySourceWrapper
2018-08-20 10:34:11.326 [main] INFO  c.u.j.filter.DefaultLazyPropertyFilter - Property Filter custom Bean not found with name 'encryptablePropertyFilter'. Initializing Default Property Filter
2018-08-20 10:34:11.422 [main] INFO  o.s.c.s.PostProcessorRegistrationDelegate$BeanPostProcessorChecker - Bean 'org.springframework.transaction.annotation.ProxyTransactionManagementConfiguration' of type [org.springframework.transaction.annotation.ProxyTransactionManagementConfiguration$$EnhancerBySpringCGLIB$$b0ef3fc2] is not eligible for getting processed by all BeanPostProcessors (for example: not eligible for auto-proxying)
2018-08-20 10:34:11.906 [main] INFO  o.s.c.s.PostProcessorRegistrationDelegate$BeanPostProcessorChecker - Bean 'org.springframework.security.config.annotation.configuration.ObjectPostProcessorConfiguration' of type [org.springframework.security.config.annotation.configuration.ObjectPostProcessorConfiguration$$EnhancerBySpringCGLIB$$499d07fc] is not eligible for getting processed by all BeanPostProcessors (for example: not eligible for auto-proxying)
2018-08-20 10:34:11.935 [main] INFO  o.s.c.s.PostProcessorRegistrationDelegate$BeanPostProcessorChecker - Bean 'objectPostProcessor' of type [org.springframework.security.config.annotation.configuration.AutowireBeanFactoryObjectPostProcessor] is not eligible for getting processed by all BeanPostProcessors (for example: not eligible for auto-proxying)
2018-08-20 10:34:11.951 [main] INFO  o.s.c.s.PostProcessorRegistrationDelegate$BeanPostProcessorChecker - Bean 'org.springframework.security.access.expression.method.DefaultMethodSecurityExpressionHandler@64f16277' of type [org.springframework.security.access.expression.method.DefaultMethodSecurityExpressionHandler] is not eligible for getting processed by all BeanPostProcessors (for example: not eligible for auto-proxying)
2018-08-20 10:34:11.993 [main] INFO  o.s.c.s.PostProcessorRegistrationDelegate$BeanPostProcessorChecker - Bean 'org.springframework.security.config.annotation.method.configuration.GlobalMethodSecurityConfiguration' of type [org.springframework.security.config.annotation.method.configuration.GlobalMethodSecurityConfiguration$$EnhancerBySpringCGLIB$$6e71aaae] is not eligible for getting processed by all BeanPostProcessors (for example: not eligible for auto-proxying)
2018-08-20 10:34:12.043 [main] INFO  o.s.c.s.PostProcessorRegistrationDelegate$BeanPostProcessorChecker - Bean 'methodSecurityMetadataSource' of type [org.springframework.security.access.method.DelegatingMethodSecurityMetadataSource] is not eligible for getting processed by all BeanPostProcessors (for example: not eligible for auto-proxying)
2018-08-20 10:34:12.174 [main] INFO  c.u.j.resolver.DefaultLazyPropertyResolver - Property Resolver custom Bean not found with name 'encryptablePropertyResolver'. Initializing Default Property Resolver
2018-08-20 10:34:12.179 [main] INFO  c.u.j.detector.DefaultLazyPropertyDetector - Property Detector custom Bean not found with name 'encryptablePropertyDetector'. Initializing Default Property Detector
2018-08-20 10:34:12.914 [main] INFO  com.alibaba.druid.pool.DruidDataSource - {dataSource-1} inited
2018-08-20 10:34:13.269 [main] INFO  o.s.orm.jpa.LocalContainerEntityManagerFactoryBean - Building JPA container EntityManagerFactory for persistence unit 'default'
2018-08-20 10:34:13.301 [main] INFO  org.hibernate.jpa.internal.util.LogHelper - HHH000204: Processing PersistenceUnitInfo [
	name: default
	...]
2018-08-20 10:34:13.406 [main] INFO  org.hibernate.Version - HHH000412: Hibernate Core {5.2.17.Final}
2018-08-20 10:34:13.406 [main] INFO  org.hibernate.cfg.Environment - HHH000206: hibernate.properties not found
2018-08-20 10:34:13.469 [main] INFO  org.hibernate.annotations.common.Version - HCANN000001: Hibernate Commons Annotations {5.0.1.Final}
2018-08-20 10:34:13.706 [main] INFO  org.hibernate.dialect.Dialect - HHH000400: Using dialect: org.hibernate.dialect.MySQL5Dialect
2018-08-20 10:34:14.313 [main] INFO  o.s.orm.jpa.LocalContainerEntityManagerFactoryBean - Initialized JPA EntityManagerFactory for persistence unit 'default'
2018-08-20 10:34:15.041 [main] INFO  o.s.w.s.m.m.a.RequestMappingHandlerMapping - Mapped "{[/]}" onto public java.lang.String cn.inctech.app.biz.demo.hello.action.HelloAction.index()
2018-08-20 10:34:15.056 [main] INFO  o.s.w.s.m.m.a.RequestMappingHandlerMapping - Mapped "{[/user_insert]}" onto public java.util.Map<java.lang.String, java.lang.Object> cn.inctech.app.biz.demo.user.action.UserAction.user_insert(cn.inctech.app.biz.demo.user.dao.UserModel)
2018-08-20 10:34:15.056 [main] INFO  o.s.w.s.m.m.a.RequestMappingHandlerMapping - Mapped "{[/403]}" onto public void cn.inctech.app.sys.action.SysAction.access_403()
2018-08-20 10:34:15.056 [main] INFO  o.s.w.s.m.m.a.RequestMappingHandlerMapping - Mapped "{[/login],methods=[GET]}" onto public void cn.inctech.app.sys.action.SysAction.login_error(java.lang.String)
2018-08-20 10:34:15.056 [main] INFO  o.s.w.s.m.m.a.RequestMappingHandlerMapping - Mapped "{[/login_page]}" onto public java.lang.String cn.inctech.app.sys.action.SysAction.login_page()
2018-08-20 10:34:15.056 [main] INFO  o.s.w.s.m.m.a.RequestMappingHandlerMapping - Mapped "{[/login],methods=[POST]}" onto public void cn.inctech.app.sys.action.SysAction.pass_error(java.lang.String)
2018-08-20 10:34:15.056 [main] INFO  o.s.w.s.m.m.a.RequestMappingHandlerMapping - Mapped "{[/login_success]}" onto public java.util.Map<java.lang.String, java.lang.Object> cn.inctech.app.sys.action.SysAction.login_success()
2018-08-20 10:34:15.056 [main] INFO  o.s.w.s.m.m.a.RequestMappingHandlerMapping - Mapped "{[/login_pass_error]}" onto public java.util.Map<java.lang.String, java.lang.Object> cn.inctech.app.sys.action.SysAction.login_pass_error()
2018-08-20 10:34:15.056 [main] INFO  o.s.w.s.m.m.a.RequestMappingHandlerMapping - Mapped "{[/error]}" onto public org.springframework.http.ResponseEntity<java.util.Map<java.lang.String, java.lang.Object>> org.springframework.boot.autoconfigure.web.servlet.error.BasicErrorController.error(javax.servlet.http.HttpServletRequest)
2018-08-20 10:34:15.056 [main] INFO  o.s.w.s.m.m.a.RequestMappingHandlerMapping - Mapped "{[/error],produces=[text/html]}" onto public org.springframework.web.servlet.ModelAndView org.springframework.boot.autoconfigure.web.servlet.error.BasicErrorController.errorHtml(javax.servlet.http.HttpServletRequest,javax.servlet.http.HttpServletResponse)
2018-08-20 10:34:15.238 [main] INFO  o.s.w.s.m.m.a.RequestMappingHandlerAdapter - Looking for @ControllerAdvice: org.springframework.web.context.support.GenericWebApplicationContext@57ad2aa7: startup date [Mon Aug 20 10:34:09 CST 2018]; root of context hierarchy
2018-08-20 10:34:15.329 [main] INFO  o.s.w.s.m.m.a.ExceptionHandlerExceptionResolver - Detected @ExceptionHandler methods in sysActionHadnler
2018-08-20 10:34:15.706 [main] INFO  o.s.security.web.DefaultSecurityFilterChain - Creating filter chain: org.springframework.security.web.util.matcher.AnyRequestMatcher@1, [org.springframework.security.web.context.request.async.WebAsyncManagerIntegrationFilter@682e422c, org.springframework.security.web.context.SecurityContextPersistenceFilter@6b70d1fb, org.springframework.security.web.header.HeaderWriterFilter@342ee097, org.springframework.security.web.csrf.CsrfFilter@37d28938, org.springframework.security.web.authentication.logout.LogoutFilter@55361f03, cn.inctech.app.common.security.spring.KaptchaAuthenticationFilter@5bb8e6fc, org.springframework.security.web.authentication.UsernamePasswordAuthenticationFilter@5d1bdd4a, org.springframework.security.web.savedrequest.RequestCacheAwareFilter@7da1e005, org.springframework.security.web.servletapi.SecurityContextHolderAwareRequestFilter@4eeab3e, org.springframework.security.web.authentication.rememberme.RememberMeAuthenticationFilter@73e4387, org.springframework.security.web.authentication.AnonymousAuthenticationFilter@2726a511, org.springframework.security.web.session.SessionManagementFilter@12192604, org.springframework.security.web.access.ExceptionTranslationFilter@7ac48e10, org.springframework.security.web.access.intercept.FilterSecurityInterceptor@4fd74223]
2018-08-20 10:34:16.090 [main] WARN  o.s.b.a.o.j.JpaBaseConfiguration$JpaWebConfiguration$JpaWebMvcConfiguration - spring.jpa.open-in-view is enabled by default. Therefore, database queries may be performed during view rendering. Explicitly configure spring.jpa.open-in-view to disable this warning
2018-08-20 10:34:16.819 [main] INFO  o.s.b.a.s.s.UserDetailsServiceAutoConfiguration - 

Using generated security password: 62691df7-6e7f-4bff-838f-c307f4e9fa2b

2018-08-20 10:34:16.843 [main] INFO  c.i.app.biz.demo.user.service.UserServiceImpTest - Started UserServiceImpTest in 8.235 seconds (JVM running for 10.665)
2018-08-20 10:34:17.038 [main] INFO  cn.inctech.app.common.advice.BizAdvice - mehtod--[cn.inctech.app.biz.demo.user.service.UserServiceImp] start at 2018-08-20 10:34:17...
2018-08-20 10:34:17.206 [main] INFO  cn.inctech.app.common.advice.BizAdvice - mehtod--[cn.inctech.app.biz.demo.user.dao.UserMapper] start at 2018-08-20 10:34:17...
2018-08-20 10:34:17.303 [main] INFO  o.s.beans.factory.xml.XmlBeanDefinitionReader - Loading XML bean definitions from class path resource [org/springframework/jdbc/support/sql-error-codes.xml]
2018-08-20 10:34:17.387 [main] INFO  cn.inctech.app.common.advice.BizAdvice - mehtod--[cn.inctech.app.biz.demo.user.dao.UserMapper] error: 
### Error updating database.  Cause: com.mysql.jdbc.exceptions.jdbc4.MySQLIntegrityConstraintViolationException: Duplicate entry 'tom_001' for key 'PRIMARY'
### The error may involve cn.inctech.app.biz.demo.user.dao.UserMapper.insert-Inline
### The error occurred while setting parameters
### SQL: insert into s_user(userid,username,password,status,email,descr) values(?,?,?,?,?,?)
### Cause: com.mysql.jdbc.exceptions.jdbc4.MySQLIntegrityConstraintViolationException: Duplicate entry 'tom_001' for key 'PRIMARY'
; ]; Duplicate entry 'tom_001' for key 'PRIMARY'; nested exception is com.mysql.jdbc.exceptions.jdbc4.MySQLIntegrityConstraintViolationException: Duplicate entry 'tom_001' for key 'PRIMARY'
2018-08-20 10:34:17.388 [main] INFO  cn.inctech.app.common.advice.BizAdvice - mehtod--[cn.inctech.app.biz.demo.user.dao.UserMapper] end at 2018-08-20 10:34:17...
2018-08-20 10:34:17.388 [main] INFO  cn.inctech.app.common.advice.BizAdvice - mehtod--[cn.inctech.app.biz.demo.user.service.UserServiceImp] error: org.springframework.dao.DuplicateKeyException: 
### Error updating database.  Cause: com.mysql.jdbc.exceptions.jdbc4.MySQLIntegrityConstraintViolationException: Duplicate entry 'tom_001' for key 'PRIMARY'
### The error may involve cn.inctech.app.biz.demo.user.dao.UserMapper.insert-Inline
### The error occurred while setting parameters
### SQL: insert into s_user(userid,username,password,status,email,descr) values(?,?,?,?,?,?)
### Cause: com.mysql.jdbc.exceptions.jdbc4.MySQLIntegrityConstraintViolationException: Duplicate entry 'tom_001' for key 'PRIMARY'
; ]; Duplicate entry 'tom_001' for key 'PRIMARY'; nested exception is com.mysql.jdbc.exceptions.jdbc4.MySQLIntegrityConstraintViolationException: Duplicate entry 'tom_001' for key 'PRIMARY'
2018-08-20 10:34:17.388 [main] INFO  cn.inctech.app.common.advice.BizAdvice - mehtod--[cn.inctech.app.biz.demo.user.service.UserServiceImp] end at 2018-08-20 10:34:17...
2018-08-20 10:34:17.406 [Thread-3] INFO  o.s.w.context.support.GenericWebApplicationContext - Closing org.springframework.web.context.support.GenericWebApplicationContext@57ad2aa7: startup date [Mon Aug 20 10:34:09 CST 2018]; root of context hierarchy
2018-08-20 10:34:17.408 [Thread-3] INFO  o.s.orm.jpa.LocalContainerEntityManagerFactoryBean - Closing JPA EntityManagerFactory for persistence unit 'default'
2018-08-20 10:34:17.408 [Thread-3] INFO  com.alibaba.druid.pool.DruidDataSource - {dataSource-1} closed
2018-08-20 10:36:12.064 [main] INFO  o.s.b.t.context.SpringBootTestContextBootstrapper - Neither @ContextConfiguration nor @ContextHierarchy found for test class [cn.inctech.app.biz.demo.user.service.UserServiceImpTest], using SpringBootContextLoader
2018-08-20 10:36:12.069 [main] INFO  o.s.test.context.support.AbstractContextLoader - Could not detect default resource locations for test class [cn.inctech.app.biz.demo.user.service.UserServiceImpTest]: no resource found for suffixes {-context.xml, Context.groovy}.
2018-08-20 10:36:12.069 [main] INFO  o.s.t.c.support.AnnotationConfigContextLoaderUtils - Could not detect default configuration classes for test class [cn.inctech.app.biz.demo.user.service.UserServiceImpTest]: UserServiceImpTest does not declare any static, non-private, non-final, nested classes annotated with @Configuration.
2018-08-20 10:36:12.217 [main] INFO  o.s.b.t.context.SpringBootTestContextBootstrapper - Found @SpringBootConfiguration cn.inctech.app.StartApp for test class cn.inctech.app.biz.demo.user.service.UserServiceImpTest
2018-08-20 10:36:12.402 [main] INFO  o.s.b.t.context.SpringBootTestContextBootstrapper - Loaded default TestExecutionListener class names from location [META-INF/spring.factories]: [org.springframework.boot.test.mock.mockito.MockitoTestExecutionListener, org.springframework.boot.test.mock.mockito.ResetMocksTestExecutionListener, org.springframework.boot.test.autoconfigure.restdocs.RestDocsTestExecutionListener, org.springframework.boot.test.autoconfigure.web.client.MockRestServiceServerResetTestExecutionListener, org.springframework.boot.test.autoconfigure.web.servlet.MockMvcPrintOnlyOnFailureTestExecutionListener, org.springframework.boot.test.autoconfigure.web.servlet.WebDriverTestExecutionListener, org.springframework.test.context.web.ServletTestExecutionListener, org.springframework.test.context.support.DirtiesContextBeforeModesTestExecutionListener, org.springframework.test.context.support.DependencyInjectionTestExecutionListener, org.springframework.test.context.support.DirtiesContextTestExecutionListener, org.springframework.test.context.transaction.TransactionalTestExecutionListener, org.springframework.test.context.jdbc.SqlScriptsTestExecutionListener, org.springframework.security.test.context.support.WithSecurityContextTestExecutionListener, org.springframework.security.test.context.support.ReactorContextTestExecutionListener]
2018-08-20 10:36:12.433 [main] INFO  o.s.b.t.context.SpringBootTestContextBootstrapper - Using TestExecutionListeners: [org.springframework.test.context.web.ServletTestExecutionListener@2e55dd0c, org.springframework.test.context.support.DirtiesContextBeforeModesTestExecutionListener@74455848, org.springframework.boot.test.mock.mockito.MockitoTestExecutionListener@e7edb54, org.springframework.boot.test.autoconfigure.SpringBootDependencyInjectionTestExecutionListener@378542de, org.springframework.test.context.support.DirtiesContextTestExecutionListener@3738449f, org.springframework.test.context.transaction.TransactionalTestExecutionListener@69e1dd28, org.springframework.test.context.jdbc.SqlScriptsTestExecutionListener@11bd0f3b, org.springframework.security.test.context.support.WithSecurityContextTestExecutionListener@c333c60, org.springframework.security.test.context.support.ReactorContextTestExecutionListener@79da8dc5, org.springframework.boot.test.mock.mockito.ResetMocksTestExecutionListener@1eb5174b, org.springframework.boot.test.autoconfigure.restdocs.RestDocsTestExecutionListener@67080771, org.springframework.boot.test.autoconfigure.web.client.MockRestServiceServerResetTestExecutionListener@72cde7cc, org.springframework.boot.test.autoconfigure.web.servlet.MockMvcPrintOnlyOnFailureTestExecutionListener@5fd4f8f5, org.springframework.boot.test.autoconfigure.web.servlet.WebDriverTestExecutionListener@696da30b]
2018-08-20 10:36:13.264 [main] INFO  c.i.app.biz.demo.user.service.UserServiceImpTest - Starting UserServiceImpTest on srv-work with PID 2832 (started by Administrator in D:\java\work\sts_sp\inc_sys)
2018-08-20 10:36:13.264 [main] INFO  c.i.app.biz.demo.user.service.UserServiceImpTest - No active profile set, falling back to default profiles: default
2018-08-20 10:36:13.349 [main] INFO  o.s.w.context.support.GenericWebApplicationContext - Refreshing org.springframework.web.context.support.GenericWebApplicationContext@57ad2aa7: startup date [Mon Aug 20 10:36:13 CST 2018]; root of context hierarchy
2018-08-20 10:36:14.658 [main] INFO  c.u.j.c.EnableEncryptablePropertiesBeanFactoryPostProcessor - Post-processing PropertySource instances
2018-08-20 10:36:14.752 [main] INFO  c.u.j.EncryptablePropertySourceConverter - Converting PropertySource configurationProperties [org.springframework.boot.context.properties.source.ConfigurationPropertySourcesPropertySource] to AOP Proxy
2018-08-20 10:36:14.752 [main] INFO  c.u.j.EncryptablePropertySourceConverter - Converting PropertySource Inlined Test Properties [org.springframework.core.env.MapPropertySource] to EncryptableMapPropertySourceWrapper
2018-08-20 10:36:14.752 [main] INFO  c.u.j.EncryptablePropertySourceConverter - Converting PropertySource systemProperties [org.springframework.core.env.MapPropertySource] to EncryptableMapPropertySourceWrapper
2018-08-20 10:36:14.752 [main] INFO  c.u.j.EncryptablePropertySourceConverter - Converting PropertySource systemEnvironment [org.springframework.boot.env.SystemEnvironmentPropertySourceEnvironmentPostProcessor$OriginAwareSystemEnvironmentPropertySource] to EncryptableMapPropertySourceWrapper
2018-08-20 10:36:14.752 [main] INFO  c.u.j.EncryptablePropertySourceConverter - Converting PropertySource random [org.springframework.boot.env.RandomValuePropertySource] to EncryptablePropertySourceWrapper
2018-08-20 10:36:14.752 [main] INFO  c.u.j.EncryptablePropertySourceConverter - Converting PropertySource applicationConfig: [classpath:/application.yml] [org.springframework.boot.env.OriginTrackedMapPropertySource] to EncryptableMapPropertySourceWrapper
2018-08-20 10:36:14.864 [main] INFO  c.u.j.filter.DefaultLazyPropertyFilter - Property Filter custom Bean not found with name 'encryptablePropertyFilter'. Initializing Default Property Filter
2018-08-20 10:36:14.966 [main] INFO  o.s.c.s.PostProcessorRegistrationDelegate$BeanPostProcessorChecker - Bean 'org.springframework.transaction.annotation.ProxyTransactionManagementConfiguration' of type [org.springframework.transaction.annotation.ProxyTransactionManagementConfiguration$$EnhancerBySpringCGLIB$$652dfc6e] is not eligible for getting processed by all BeanPostProcessors (for example: not eligible for auto-proxying)
2018-08-20 10:36:15.145 [main] INFO  o.s.c.s.PostProcessorRegistrationDelegate$BeanPostProcessorChecker - Bean 'org.springframework.security.config.annotation.configuration.ObjectPostProcessorConfiguration' of type [org.springframework.security.config.annotation.configuration.ObjectPostProcessorConfiguration$$EnhancerBySpringCGLIB$$fddbc4a8] is not eligible for getting processed by all BeanPostProcessors (for example: not eligible for auto-proxying)
2018-08-20 10:36:15.181 [main] INFO  o.s.c.s.PostProcessorRegistrationDelegate$BeanPostProcessorChecker - Bean 'objectPostProcessor' of type [org.springframework.security.config.annotation.configuration.AutowireBeanFactoryObjectPostProcessor] is not eligible for getting processed by all BeanPostProcessors (for example: not eligible for auto-proxying)
2018-08-20 10:36:15.185 [main] INFO  o.s.c.s.PostProcessorRegistrationDelegate$BeanPostProcessorChecker - Bean 'org.springframework.security.access.expression.method.DefaultMethodSecurityExpressionHandler@ad9e63e' of type [org.springframework.security.access.expression.method.DefaultMethodSecurityExpressionHandler] is not eligible for getting processed by all BeanPostProcessors (for example: not eligible for auto-proxying)
2018-08-20 10:36:15.195 [main] INFO  o.s.c.s.PostProcessorRegistrationDelegate$BeanPostProcessorChecker - Bean 'org.springframework.security.config.annotation.method.configuration.GlobalMethodSecurityConfiguration' of type [org.springframework.security.config.annotation.method.configuration.GlobalMethodSecurityConfiguration$$EnhancerBySpringCGLIB$$22b0675a] is not eligible for getting processed by all BeanPostProcessors (for example: not eligible for auto-proxying)
2018-08-20 10:36:15.219 [main] INFO  o.s.c.s.PostProcessorRegistrationDelegate$BeanPostProcessorChecker - Bean 'methodSecurityMetadataSource' of type [org.springframework.security.access.method.DelegatingMethodSecurityMetadataSource] is not eligible for getting processed by all BeanPostProcessors (for example: not eligible for auto-proxying)
2018-08-20 10:36:15.301 [main] INFO  c.u.j.resolver.DefaultLazyPropertyResolver - Property Resolver custom Bean not found with name 'encryptablePropertyResolver'. Initializing Default Property Resolver
2018-08-20 10:36:15.304 [main] INFO  c.u.j.detector.DefaultLazyPropertyDetector - Property Detector custom Bean not found with name 'encryptablePropertyDetector'. Initializing Default Property Detector
2018-08-20 10:36:15.799 [main] INFO  com.alibaba.druid.pool.DruidDataSource - {dataSource-1} inited
2018-08-20 10:36:16.150 [main] INFO  o.s.orm.jpa.LocalContainerEntityManagerFactoryBean - Building JPA container EntityManagerFactory for persistence unit 'default'
2018-08-20 10:36:16.184 [main] INFO  org.hibernate.jpa.internal.util.LogHelper - HHH000204: Processing PersistenceUnitInfo [
	name: default
	...]
2018-08-20 10:36:16.303 [main] INFO  org.hibernate.Version - HHH000412: Hibernate Core {5.2.17.Final}
2018-08-20 10:36:16.306 [main] INFO  org.hibernate.cfg.Environment - HHH000206: hibernate.properties not found
2018-08-20 10:36:16.356 [main] INFO  org.hibernate.annotations.common.Version - HCANN000001: Hibernate Commons Annotations {5.0.1.Final}
2018-08-20 10:36:16.582 [main] INFO  org.hibernate.dialect.Dialect - HHH000400: Using dialect: org.hibernate.dialect.MySQL5Dialect
2018-08-20 10:36:17.386 [main] INFO  o.s.orm.jpa.LocalContainerEntityManagerFactoryBean - Initialized JPA EntityManagerFactory for persistence unit 'default'
2018-08-20 10:36:18.088 [main] INFO  o.s.w.s.m.m.a.RequestMappingHandlerMapping - Mapped "{[/]}" onto public java.lang.String cn.inctech.app.biz.demo.hello.action.HelloAction.index()
2018-08-20 10:36:18.089 [main] INFO  o.s.w.s.m.m.a.RequestMappingHandlerMapping - Mapped "{[/user_insert]}" onto public java.util.Map<java.lang.String, java.lang.Object> cn.inctech.app.biz.demo.user.action.UserAction.user_insert(cn.inctech.app.biz.demo.user.dao.UserModel)
2018-08-20 10:36:18.091 [main] INFO  o.s.w.s.m.m.a.RequestMappingHandlerMapping - Mapped "{[/login_success]}" onto public java.util.Map<java.lang.String, java.lang.Object> cn.inctech.app.sys.action.SysAction.login_success()
2018-08-20 10:36:18.091 [main] INFO  o.s.w.s.m.m.a.RequestMappingHandlerMapping - Mapped "{[/login_pass_error]}" onto public java.util.Map<java.lang.String, java.lang.Object> cn.inctech.app.sys.action.SysAction.login_pass_error()
2018-08-20 10:36:18.091 [main] INFO  o.s.w.s.m.m.a.RequestMappingHandlerMapping - Mapped "{[/login],methods=[POST]}" onto public void cn.inctech.app.sys.action.SysAction.pass_error(java.lang.String)
2018-08-20 10:36:18.092 [main] INFO  o.s.w.s.m.m.a.RequestMappingHandlerMapping - Mapped "{[/login],methods=[GET]}" onto public void cn.inctech.app.sys.action.SysAction.login_error(java.lang.String)
2018-08-20 10:36:18.092 [main] INFO  o.s.w.s.m.m.a.RequestMappingHandlerMapping - Mapped "{[/login_page]}" onto public java.lang.String cn.inctech.app.sys.action.SysAction.login_page()
2018-08-20 10:36:18.092 [main] INFO  o.s.w.s.m.m.a.RequestMappingHandlerMapping - Mapped "{[/403]}" onto public void cn.inctech.app.sys.action.SysAction.access_403()
2018-08-20 10:36:18.097 [main] INFO  o.s.w.s.m.m.a.RequestMappingHandlerMapping - Mapped "{[/error]}" onto public org.springframework.http.ResponseEntity<java.util.Map<java.lang.String, java.lang.Object>> org.springframework.boot.autoconfigure.web.servlet.error.BasicErrorController.error(javax.servlet.http.HttpServletRequest)
2018-08-20 10:36:18.098 [main] INFO  o.s.w.s.m.m.a.RequestMappingHandlerMapping - Mapped "{[/error],produces=[text/html]}" onto public org.springframework.web.servlet.ModelAndView org.springframework.boot.autoconfigure.web.servlet.error.BasicErrorController.errorHtml(javax.servlet.http.HttpServletRequest,javax.servlet.http.HttpServletResponse)
2018-08-20 10:36:18.299 [main] INFO  o.s.w.s.m.m.a.RequestMappingHandlerAdapter - Looking for @ControllerAdvice: org.springframework.web.context.support.GenericWebApplicationContext@57ad2aa7: startup date [Mon Aug 20 10:36:13 CST 2018]; root of context hierarchy
2018-08-20 10:36:18.417 [main] INFO  o.s.w.s.m.m.a.ExceptionHandlerExceptionResolver - Detected @ExceptionHandler methods in sysActionHadnler
2018-08-20 10:36:19.029 [main] INFO  o.s.security.web.DefaultSecurityFilterChain - Creating filter chain: org.springframework.security.web.util.matcher.AnyRequestMatcher@1, [org.springframework.security.web.context.request.async.WebAsyncManagerIntegrationFilter@7a66c35a, org.springframework.security.web.context.SecurityContextPersistenceFilter@6b1321b7, org.springframework.security.web.header.HeaderWriterFilter@740b9a50, org.springframework.security.web.csrf.CsrfFilter@6d294ddc, org.springframework.security.web.authentication.logout.LogoutFilter@4eeab3e, cn.inctech.app.common.security.spring.KaptchaAuthenticationFilter@7994a0d1, org.springframework.security.web.authentication.UsernamePasswordAuthenticationFilter@4fd74223, org.springframework.security.web.savedrequest.RequestCacheAwareFilter@6ac45c0c, org.springframework.security.web.servletapi.SecurityContextHolderAwareRequestFilter@723e2d08, org.springframework.security.web.authentication.rememberme.RememberMeAuthenticationFilter@1b8aaeab, org.springframework.security.web.authentication.AnonymousAuthenticationFilter@73e4387, org.springframework.security.web.session.SessionManagementFilter@5111de7c, org.springframework.security.web.access.ExceptionTranslationFilter@5d7dd549, org.springframework.security.web.access.intercept.FilterSecurityInterceptor@21b51e59]
2018-08-20 10:36:19.519 [main] WARN  o.s.b.a.o.j.JpaBaseConfiguration$JpaWebConfiguration$JpaWebMvcConfiguration - spring.jpa.open-in-view is enabled by default. Therefore, database queries may be performed during view rendering. Explicitly configure spring.jpa.open-in-view to disable this warning
2018-08-20 10:36:20.092 [main] INFO  o.s.b.a.s.s.UserDetailsServiceAutoConfiguration - 

Using generated security password: 1cfbaabc-d319-401d-ad2d-aac60c0daf55

2018-08-20 10:36:20.104 [main] INFO  c.i.app.biz.demo.user.service.UserServiceImpTest - Started UserServiceImpTest in 7.554 seconds (JVM running for 9.328)
2018-08-20 10:36:20.201 [main] INFO  cn.inctech.app.common.advice.BizAdvice - mehtod--[cn.inctech.app.biz.demo.user.service.UserServiceImp : insert] start at 2018-08-20 10:36:20...
2018-08-20 10:36:20.263 [main] INFO  cn.inctech.app.common.advice.BizAdvice - mehtod--[cn.inctech.app.biz.demo.user.dao.UserMapper : insert] start at 2018-08-20 10:36:20...
2018-08-20 10:36:20.301 [main] INFO  o.s.beans.factory.xml.XmlBeanDefinitionReader - Loading XML bean definitions from class path resource [org/springframework/jdbc/support/sql-error-codes.xml]
2018-08-20 10:36:20.333 [main] INFO  cn.inctech.app.common.advice.BizAdvice - mehtod--[cn.inctech.app.biz.demo.user.dao.UserMapper : insert] error: 
### Error updating database.  Cause: com.mysql.jdbc.exceptions.jdbc4.MySQLIntegrityConstraintViolationException: Duplicate entry 'tom_001' for key 'PRIMARY'
### The error may involve cn.inctech.app.biz.demo.user.dao.UserMapper.insert-Inline
### The error occurred while setting parameters
### SQL: insert into s_user(userid,username,password,status,email,descr) values(?,?,?,?,?,?)
### Cause: com.mysql.jdbc.exceptions.jdbc4.MySQLIntegrityConstraintViolationException: Duplicate entry 'tom_001' for key 'PRIMARY'
; ]; Duplicate entry 'tom_001' for key 'PRIMARY'; nested exception is com.mysql.jdbc.exceptions.jdbc4.MySQLIntegrityConstraintViolationException: Duplicate entry 'tom_001' for key 'PRIMARY'
2018-08-20 10:36:20.333 [main] INFO  cn.inctech.app.common.advice.BizAdvice - mehtod--[cn.inctech.app.biz.demo.user.dao.UserMapper : insert] end at 2018-08-20 10:36:20...
2018-08-20 10:36:20.333 [main] INFO  cn.inctech.app.common.advice.BizAdvice - mehtod--[cn.inctech.app.biz.demo.user.service.UserServiceImp : insert] error: org.springframework.dao.DuplicateKeyException: 
### Error updating database.  Cause: com.mysql.jdbc.exceptions.jdbc4.MySQLIntegrityConstraintViolationException: Duplicate entry 'tom_001' for key 'PRIMARY'
### The error may involve cn.inctech.app.biz.demo.user.dao.UserMapper.insert-Inline
### The error occurred while setting parameters
### SQL: insert into s_user(userid,username,password,status,email,descr) values(?,?,?,?,?,?)
### Cause: com.mysql.jdbc.exceptions.jdbc4.MySQLIntegrityConstraintViolationException: Duplicate entry 'tom_001' for key 'PRIMARY'
; ]; Duplicate entry 'tom_001' for key 'PRIMARY'; nested exception is com.mysql.jdbc.exceptions.jdbc4.MySQLIntegrityConstraintViolationException: Duplicate entry 'tom_001' for key 'PRIMARY'
2018-08-20 10:36:20.348 [main] INFO  cn.inctech.app.common.advice.BizAdvice - mehtod--[cn.inctech.app.biz.demo.user.service.UserServiceImp : insert] end at 2018-08-20 10:36:20...
2018-08-20 10:36:20.348 [Thread-3] INFO  o.s.w.context.support.GenericWebApplicationContext - Closing org.springframework.web.context.support.GenericWebApplicationContext@57ad2aa7: startup date [Mon Aug 20 10:36:13 CST 2018]; root of context hierarchy
2018-08-20 10:36:20.348 [Thread-3] INFO  o.s.orm.jpa.LocalContainerEntityManagerFactoryBean - Closing JPA EntityManagerFactory for persistence unit 'default'
2018-08-20 10:36:20.348 [Thread-3] INFO  com.alibaba.druid.pool.DruidDataSource - {dataSource-1} closed
