2018-08-17 10:00:30.634 [main] INFO  o.s.b.t.context.SpringBootTestContextBootstrapper - Neither @ContextConfiguration nor @ContextHierarchy found for test class [cn.inctech.app.StartAppTests], using SpringBootContextLoader
2018-08-17 10:00:30.665 [main] INFO  o.s.test.context.support.AbstractContextLoader - Could not detect default resource locations for test class [cn.inctech.app.StartAppTests]: no resource found for suffixes {-context.xml, Context.groovy}.
2018-08-17 10:00:30.669 [main] INFO  o.s.t.c.support.AnnotationConfigContextLoaderUtils - Could not detect default configuration classes for test class [cn.inctech.app.StartAppTests]: StartAppTests does not declare any static, non-private, non-final, nested classes annotated with @Configuration.
2018-08-17 10:00:31.179 [main] INFO  o.s.b.t.context.SpringBootTestContextBootstrapper - Found @SpringBootConfiguration cn.inctech.app.StartApp for test class cn.inctech.app.StartAppTests
2018-08-17 10:00:31.509 [main] INFO  o.s.b.t.context.SpringBootTestContextBootstrapper - Loaded default TestExecutionListener class names from location [META-INF/spring.factories]: [org.springframework.boot.test.mock.mockito.MockitoTestExecutionListener, org.springframework.boot.test.mock.mockito.ResetMocksTestExecutionListener, org.springframework.boot.test.autoconfigure.restdocs.RestDocsTestExecutionListener, org.springframework.boot.test.autoconfigure.web.client.MockRestServiceServerResetTestExecutionListener, org.springframework.boot.test.autoconfigure.web.servlet.MockMvcPrintOnlyOnFailureTestExecutionListener, org.springframework.boot.test.autoconfigure.web.servlet.WebDriverTestExecutionListener, org.springframework.test.context.web.ServletTestExecutionListener, org.springframework.test.context.support.DirtiesContextBeforeModesTestExecutionListener, org.springframework.test.context.support.DependencyInjectionTestExecutionListener, org.springframework.test.context.support.DirtiesContextTestExecutionListener, org.springframework.test.context.transaction.TransactionalTestExecutionListener, org.springframework.test.context.jdbc.SqlScriptsTestExecutionListener, org.springframework.security.test.context.support.WithSecurityContextTestExecutionListener, org.springframework.security.test.context.support.ReactorContextTestExecutionListener]
2018-08-17 10:00:31.549 [main] INFO  o.s.b.t.context.SpringBootTestContextBootstrapper - Using TestExecutionListeners: [org.springframework.test.context.web.ServletTestExecutionListener@49dc7102, org.springframework.test.context.support.DirtiesContextBeforeModesTestExecutionListener@6b8ca3c8, org.springframework.boot.test.mock.mockito.MockitoTestExecutionListener@68c72235, org.springframework.boot.test.autoconfigure.SpringBootDependencyInjectionTestExecutionListener@10959ece, org.springframework.test.context.support.DirtiesContextTestExecutionListener@3a6bb9bf, org.springframework.test.context.transaction.TransactionalTestExecutionListener@34f7cfd9, org.springframework.test.context.jdbc.SqlScriptsTestExecutionListener@65f095f8, org.springframework.security.test.context.support.WithSecurityContextTestExecutionListener@59af0466, org.springframework.security.test.context.support.ReactorContextTestExecutionListener@3e6ef8ad, org.springframework.boot.test.mock.mockito.ResetMocksTestExecutionListener@346d61be, org.springframework.boot.test.autoconfigure.restdocs.RestDocsTestExecutionListener@55536d9e, org.springframework.boot.test.autoconfigure.web.client.MockRestServiceServerResetTestExecutionListener@747edf66, org.springframework.boot.test.autoconfigure.web.servlet.MockMvcPrintOnlyOnFailureTestExecutionListener@3d1cfad4, org.springframework.boot.test.autoconfigure.web.servlet.WebDriverTestExecutionListener@62230c58]
2018-08-17 10:00:32.079 [main] INFO  cn.inctech.app.StartAppTests - Starting StartAppTests on srv-work with PID 12200 (started by Administrator in D:\java\work\sts_sp\inc_sys)
2018-08-17 10:00:32.079 [main] INFO  cn.inctech.app.StartAppTests - No active profile set, falling back to default profiles: default
2018-08-17 10:00:32.121 [main] INFO  o.s.w.context.support.GenericWebApplicationContext - Refreshing org.springframework.web.context.support.GenericWebApplicationContext@421e361: startup date [Fri Aug 17 10:00:32 CST 2018]; root of context hierarchy
2018-08-17 10:00:33.652 [main] INFO  o.s.c.s.PostProcessorRegistrationDelegate$BeanPostProcessorChecker - Bean 'org.springframework.transaction.annotation.ProxyTransactionManagementConfiguration' of type [org.springframework.transaction.annotation.ProxyTransactionManagementConfiguration$$EnhancerBySpringCGLIB$$e0e76375] is not eligible for getting processed by all BeanPostProcessors (for example: not eligible for auto-proxying)
2018-08-17 10:00:33.818 [main] INFO  o.s.c.s.PostProcessorRegistrationDelegate$BeanPostProcessorChecker - Bean 'org.springframework.security.config.annotation.configuration.ObjectPostProcessorConfiguration' of type [org.springframework.security.config.annotation.configuration.ObjectPostProcessorConfiguration$$EnhancerBySpringCGLIB$$79952baf] is not eligible for getting processed by all BeanPostProcessors (for example: not eligible for auto-proxying)
2018-08-17 10:00:33.829 [main] INFO  o.s.c.s.PostProcessorRegistrationDelegate$BeanPostProcessorChecker - Bean 'objectPostProcessor' of type [org.springframework.security.config.annotation.configuration.AutowireBeanFactoryObjectPostProcessor] is not eligible for getting processed by all BeanPostProcessors (for example: not eligible for auto-proxying)
2018-08-17 10:00:33.832 [main] INFO  o.s.c.s.PostProcessorRegistrationDelegate$BeanPostProcessorChecker - Bean 'org.springframework.security.access.expression.method.DefaultMethodSecurityExpressionHandler@664e5dee' of type [org.springframework.security.access.expression.method.DefaultMethodSecurityExpressionHandler] is not eligible for getting processed by all BeanPostProcessors (for example: not eligible for auto-proxying)
2018-08-17 10:00:33.842 [main] INFO  o.s.c.s.PostProcessorRegistrationDelegate$BeanPostProcessorChecker - Bean 'org.springframework.security.config.annotation.method.configuration.GlobalMethodSecurityConfiguration' of type [org.springframework.security.config.annotation.method.configuration.GlobalMethodSecurityConfiguration$$EnhancerBySpringCGLIB$$9e69ce61] is not eligible for getting processed by all BeanPostProcessors (for example: not eligible for auto-proxying)
2018-08-17 10:00:33.864 [main] INFO  o.s.c.s.PostProcessorRegistrationDelegate$BeanPostProcessorChecker - Bean 'methodSecurityMetadataSource' of type [org.springframework.security.access.method.DelegatingMethodSecurityMetadataSource] is not eligible for getting processed by all BeanPostProcessors (for example: not eligible for auto-proxying)
2018-08-17 10:00:34.463 [main] INFO  com.alibaba.druid.pool.DruidDataSource - {dataSource-1} inited
2018-08-17 10:00:34.810 [main] INFO  o.s.orm.jpa.LocalContainerEntityManagerFactoryBean - Building JPA container EntityManagerFactory for persistence unit 'default'
2018-08-17 10:00:34.830 [main] INFO  org.hibernate.jpa.internal.util.LogHelper - HHH000204: Processing PersistenceUnitInfo [
	name: default
	...]
2018-08-17 10:00:34.925 [main] INFO  org.hibernate.Version - HHH000412: Hibernate Core {5.2.17.Final}
2018-08-17 10:00:34.928 [main] INFO  org.hibernate.cfg.Environment - HHH000206: hibernate.properties not found
2018-08-17 10:00:34.978 [main] INFO  org.hibernate.annotations.common.Version - HCANN000001: Hibernate Commons Annotations {5.0.1.Final}
2018-08-17 10:00:35.132 [main] INFO  org.hibernate.dialect.Dialect - HHH000400: Using dialect: org.hibernate.dialect.MySQL5Dialect
2018-08-17 10:00:35.465 [main] INFO  o.s.orm.jpa.LocalContainerEntityManagerFactoryBean - Initialized JPA EntityManagerFactory for persistence unit 'default'
2018-08-17 10:00:36.012 [main] INFO  o.s.w.s.m.m.a.RequestMappingHandlerMapping - Mapped "{[/]}" onto public java.lang.String cn.inctech.app.biz.demo.hello.action.HelloAction.index()
2018-08-17 10:00:36.014 [main] INFO  o.s.w.s.m.m.a.RequestMappingHandlerMapping - Mapped "{[/user_insert]}" onto public java.util.Map<java.lang.String, java.lang.Object> cn.inctech.app.biz.demo.user.action.UserAction.user_insert(cn.inctech.app.biz.demo.user.dao.UserModel)
2018-08-17 10:00:36.015 [main] INFO  o.s.w.s.m.m.a.RequestMappingHandlerMapping - Mapped "{[/login],methods=[GET]}" onto public void cn.inctech.app.sys.action.SysAction.login_error(java.lang.String)
2018-08-17 10:00:36.016 [main] INFO  o.s.w.s.m.m.a.RequestMappingHandlerMapping - Mapped "{[/403]}" onto public void cn.inctech.app.sys.action.SysAction.access_403()
2018-08-17 10:00:36.017 [main] INFO  o.s.w.s.m.m.a.RequestMappingHandlerMapping - Mapped "{[/login_page]}" onto public java.lang.String cn.inctech.app.sys.action.SysAction.login_page()
2018-08-17 10:00:36.017 [main] INFO  o.s.w.s.m.m.a.RequestMappingHandlerMapping - Mapped "{[/login_pass_error]}" onto public java.util.Map<java.lang.String, java.lang.Object> cn.inctech.app.sys.action.SysAction.login_pass_error()
2018-08-17 10:00:36.017 [main] INFO  o.s.w.s.m.m.a.RequestMappingHandlerMapping - Mapped "{[/login_success]}" onto public java.util.Map<java.lang.String, java.lang.Object> cn.inctech.app.sys.action.SysAction.login_success()
2018-08-17 10:00:36.018 [main] INFO  o.s.w.s.m.m.a.RequestMappingHandlerMapping - Mapped "{[/login],methods=[POST]}" onto public void cn.inctech.app.sys.action.SysAction.pass_error(java.lang.String)
2018-08-17 10:00:36.023 [main] INFO  o.s.w.s.m.m.a.RequestMappingHandlerMapping - Mapped "{[/error]}" onto public org.springframework.http.ResponseEntity<java.util.Map<java.lang.String, java.lang.Object>> org.springframework.boot.autoconfigure.web.servlet.error.BasicErrorController.error(javax.servlet.http.HttpServletRequest)
2018-08-17 10:00:36.024 [main] INFO  o.s.w.s.m.m.a.RequestMappingHandlerMapping - Mapped "{[/error],produces=[text/html]}" onto public org.springframework.web.servlet.ModelAndView org.springframework.boot.autoconfigure.web.servlet.error.BasicErrorController.errorHtml(javax.servlet.http.HttpServletRequest,javax.servlet.http.HttpServletResponse)
2018-08-17 10:00:36.170 [main] INFO  o.s.w.s.m.m.a.RequestMappingHandlerAdapter - Looking for @ControllerAdvice: org.springframework.web.context.support.GenericWebApplicationContext@421e361: startup date [Fri Aug 17 10:00:32 CST 2018]; root of context hierarchy
2018-08-17 10:00:36.257 [main] INFO  o.s.w.s.m.m.a.ExceptionHandlerExceptionResolver - Detected @ExceptionHandler methods in sysActionHadnler
2018-08-17 10:00:36.745 [main] INFO  o.s.security.web.DefaultSecurityFilterChain - Creating filter chain: org.springframework.security.web.util.matcher.AnyRequestMatcher@1, [org.springframework.security.web.context.request.async.WebAsyncManagerIntegrationFilter@73f6e07, org.springframework.security.web.context.SecurityContextPersistenceFilter@4d518c66, org.springframework.security.web.header.HeaderWriterFilter@2fd39436, org.springframework.security.web.csrf.CsrfFilter@1d289d3f, org.springframework.security.web.authentication.logout.LogoutFilter@5c4cc644, cn.inctech.app.common.security.spring.KaptchaAuthenticationFilter@2c9d90fc, org.springframework.security.web.authentication.UsernamePasswordAuthenticationFilter@3a11c0eb, org.springframework.security.web.savedrequest.RequestCacheAwareFilter@251d7fdd, org.springframework.security.web.servletapi.SecurityContextHolderAwareRequestFilter@b5aa65b, org.springframework.security.web.authentication.rememberme.RememberMeAuthenticationFilter@53dd42d6, org.springframework.security.web.authentication.AnonymousAuthenticationFilter@1511d157, org.springframework.security.web.session.SessionManagementFilter@46394f65, org.springframework.security.web.access.ExceptionTranslationFilter@21edd891, org.springframework.security.web.access.intercept.FilterSecurityInterceptor@e62319f]
2018-08-17 10:00:37.105 [main] WARN  o.s.b.a.o.j.JpaBaseConfiguration$JpaWebConfiguration$JpaWebMvcConfiguration - spring.jpa.open-in-view is enabled by default. Therefore, database queries may be performed during view rendering. Explicitly configure spring.jpa.open-in-view to disable this warning
2018-08-17 10:00:37.852 [main] INFO  o.s.b.a.s.s.UserDetailsServiceAutoConfiguration - 

Using generated security password: 9d3307c1-55f7-489d-b404-76f4f6d51e25

2018-08-17 10:00:37.873 [main] INFO  cn.inctech.app.StartAppTests - Started StartAppTests in 6.228 seconds (JVM running for 9.021)
2018-08-17 10:00:38.267 [Thread-3] INFO  o.s.w.context.support.GenericWebApplicationContext - Closing org.springframework.web.context.support.GenericWebApplicationContext@421e361: startup date [Fri Aug 17 10:00:32 CST 2018]; root of context hierarchy
2018-08-17 10:00:38.272 [Thread-3] INFO  o.s.orm.jpa.LocalContainerEntityManagerFactoryBean - Closing JPA EntityManagerFactory for persistence unit 'default'
2018-08-17 10:00:38.280 [Thread-3] INFO  com.alibaba.druid.pool.DruidDataSource - {dataSource-1} closed
2018-08-17 10:01:06.217 [main] INFO  o.s.b.t.context.SpringBootTestContextBootstrapper - Neither @ContextConfiguration nor @ContextHierarchy found for test class [cn.inctech.app.StartAppTests], using SpringBootContextLoader
2018-08-17 10:01:06.234 [main] INFO  o.s.test.context.support.AbstractContextLoader - Could not detect default resource locations for test class [cn.inctech.app.StartAppTests]: no resource found for suffixes {-context.xml, Context.groovy}.
2018-08-17 10:01:06.301 [main] INFO  o.s.t.c.support.AnnotationConfigContextLoaderUtils - Could not detect default configuration classes for test class [cn.inctech.app.StartAppTests]: StartAppTests does not declare any static, non-private, non-final, nested classes annotated with @Configuration.
2018-08-17 10:01:06.543 [main] INFO  o.s.b.t.context.SpringBootTestContextBootstrapper - Found @SpringBootConfiguration cn.inctech.app.StartApp for test class cn.inctech.app.StartAppTests
2018-08-17 10:01:06.776 [main] INFO  o.s.b.t.context.SpringBootTestContextBootstrapper - Loaded default TestExecutionListener class names from location [META-INF/spring.factories]: [org.springframework.boot.test.mock.mockito.MockitoTestExecutionListener, org.springframework.boot.test.mock.mockito.ResetMocksTestExecutionListener, org.springframework.boot.test.autoconfigure.restdocs.RestDocsTestExecutionListener, org.springframework.boot.test.autoconfigure.web.client.MockRestServiceServerResetTestExecutionListener, org.springframework.boot.test.autoconfigure.web.servlet.MockMvcPrintOnlyOnFailureTestExecutionListener, org.springframework.boot.test.autoconfigure.web.servlet.WebDriverTestExecutionListener, org.springframework.test.context.web.ServletTestExecutionListener, org.springframework.test.context.support.DirtiesContextBeforeModesTestExecutionListener, org.springframework.test.context.support.DependencyInjectionTestExecutionListener, org.springframework.test.context.support.DirtiesContextTestExecutionListener, org.springframework.test.context.transaction.TransactionalTestExecutionListener, org.springframework.test.context.jdbc.SqlScriptsTestExecutionListener, org.springframework.security.test.context.support.WithSecurityContextTestExecutionListener, org.springframework.security.test.context.support.ReactorContextTestExecutionListener]
2018-08-17 10:01:06.802 [main] INFO  o.s.b.t.context.SpringBootTestContextBootstrapper - Using TestExecutionListeners: [org.springframework.test.context.web.ServletTestExecutionListener@49dc7102, org.springframework.test.context.support.DirtiesContextBeforeModesTestExecutionListener@6b8ca3c8, org.springframework.boot.test.mock.mockito.MockitoTestExecutionListener@68c72235, org.springframework.boot.test.autoconfigure.SpringBootDependencyInjectionTestExecutionListener@10959ece, org.springframework.test.context.support.DirtiesContextTestExecutionListener@3a6bb9bf, org.springframework.test.context.transaction.TransactionalTestExecutionListener@34f7cfd9, org.springframework.test.context.jdbc.SqlScriptsTestExecutionListener@65f095f8, org.springframework.security.test.context.support.WithSecurityContextTestExecutionListener@59af0466, org.springframework.security.test.context.support.ReactorContextTestExecutionListener@3e6ef8ad, org.springframework.boot.test.mock.mockito.ResetMocksTestExecutionListener@346d61be, org.springframework.boot.test.autoconfigure.restdocs.RestDocsTestExecutionListener@55536d9e, org.springframework.boot.test.autoconfigure.web.client.MockRestServiceServerResetTestExecutionListener@747edf66, org.springframework.boot.test.autoconfigure.web.servlet.MockMvcPrintOnlyOnFailureTestExecutionListener@3d1cfad4, org.springframework.boot.test.autoconfigure.web.servlet.WebDriverTestExecutionListener@62230c58]
2018-08-17 10:01:07.300 [main] INFO  cn.inctech.app.StartAppTests - Starting StartAppTests on srv-work with PID 8780 (started by Administrator in D:\java\work\sts_sp\inc_sys)
2018-08-17 10:01:07.301 [main] INFO  cn.inctech.app.StartAppTests - No active profile set, falling back to default profiles: default
2018-08-17 10:01:07.351 [main] INFO  o.s.w.context.support.GenericWebApplicationContext - Refreshing org.springframework.web.context.support.GenericWebApplicationContext@421e361: startup date [Fri Aug 17 10:01:07 CST 2018]; root of context hierarchy
2018-08-17 10:01:08.863 [main] INFO  o.s.c.s.PostProcessorRegistrationDelegate$BeanPostProcessorChecker - Bean 'org.springframework.transaction.annotation.ProxyTransactionManagementConfiguration' of type [org.springframework.transaction.annotation.ProxyTransactionManagementConfiguration$$EnhancerBySpringCGLIB$$ac21251d] is not eligible for getting processed by all BeanPostProcessors (for example: not eligible for auto-proxying)
2018-08-17 10:01:09.000 [main] INFO  o.s.c.s.PostProcessorRegistrationDelegate$BeanPostProcessorChecker - Bean 'org.springframework.security.config.annotation.configuration.ObjectPostProcessorConfiguration' of type [org.springframework.security.config.annotation.configuration.ObjectPostProcessorConfiguration$$EnhancerBySpringCGLIB$$44ceed57] is not eligible for getting processed by all BeanPostProcessors (for example: not eligible for auto-proxying)
2018-08-17 10:01:09.011 [main] INFO  o.s.c.s.PostProcessorRegistrationDelegate$BeanPostProcessorChecker - Bean 'objectPostProcessor' of type [org.springframework.security.config.annotation.configuration.AutowireBeanFactoryObjectPostProcessor] is not eligible for getting processed by all BeanPostProcessors (for example: not eligible for auto-proxying)
2018-08-17 10:01:09.015 [main] INFO  o.s.c.s.PostProcessorRegistrationDelegate$BeanPostProcessorChecker - Bean 'org.springframework.security.access.expression.method.DefaultMethodSecurityExpressionHandler@5533dc72' of type [org.springframework.security.access.expression.method.DefaultMethodSecurityExpressionHandler] is not eligible for getting processed by all BeanPostProcessors (for example: not eligible for auto-proxying)
2018-08-17 10:01:09.022 [main] INFO  o.s.c.s.PostProcessorRegistrationDelegate$BeanPostProcessorChecker - Bean 'org.springframework.security.config.annotation.method.configuration.GlobalMethodSecurityConfiguration' of type [org.springframework.security.config.annotation.method.configuration.GlobalMethodSecurityConfiguration$$EnhancerBySpringCGLIB$$69a39009] is not eligible for getting processed by all BeanPostProcessors (for example: not eligible for auto-proxying)
2018-08-17 10:01:09.049 [main] INFO  o.s.c.s.PostProcessorRegistrationDelegate$BeanPostProcessorChecker - Bean 'methodSecurityMetadataSource' of type [org.springframework.security.access.method.DelegatingMethodSecurityMetadataSource] is not eligible for getting processed by all BeanPostProcessors (for example: not eligible for auto-proxying)
2018-08-17 10:01:09.879 [main] INFO  com.alibaba.druid.pool.DruidDataSource - {dataSource-1} inited
2018-08-17 10:01:10.242 [main] INFO  o.s.orm.jpa.LocalContainerEntityManagerFactoryBean - Building JPA container EntityManagerFactory for persistence unit 'default'
2018-08-17 10:01:10.277 [main] INFO  org.hibernate.jpa.internal.util.LogHelper - HHH000204: Processing PersistenceUnitInfo [
	name: default
	...]
2018-08-17 10:01:10.390 [main] INFO  org.hibernate.Version - HHH000412: Hibernate Core {5.2.17.Final}
2018-08-17 10:01:10.393 [main] INFO  org.hibernate.cfg.Environment - HHH000206: hibernate.properties not found
2018-08-17 10:01:10.445 [main] INFO  org.hibernate.annotations.common.Version - HCANN000001: Hibernate Commons Annotations {5.0.1.Final}
2018-08-17 10:01:10.712 [main] INFO  org.hibernate.dialect.Dialect - HHH000400: Using dialect: org.hibernate.dialect.MySQL5Dialect
2018-08-17 10:01:11.644 [main] INFO  o.s.orm.jpa.LocalContainerEntityManagerFactoryBean - Initialized JPA EntityManagerFactory for persistence unit 'default'
2018-08-17 10:01:12.245 [main] INFO  o.s.w.s.m.m.a.RequestMappingHandlerMapping - Mapped "{[/]}" onto public java.lang.String cn.inctech.app.biz.demo.hello.action.HelloAction.index()
2018-08-17 10:01:12.247 [main] INFO  o.s.w.s.m.m.a.RequestMappingHandlerMapping - Mapped "{[/user_insert]}" onto public java.util.Map<java.lang.String, java.lang.Object> cn.inctech.app.biz.demo.user.action.UserAction.user_insert(cn.inctech.app.biz.demo.user.dao.UserModel)
2018-08-17 10:01:12.249 [main] INFO  o.s.w.s.m.m.a.RequestMappingHandlerMapping - Mapped "{[/login_page]}" onto public java.lang.String cn.inctech.app.sys.action.SysAction.login_page()
2018-08-17 10:01:12.250 [main] INFO  o.s.w.s.m.m.a.RequestMappingHandlerMapping - Mapped "{[/login],methods=[GET]}" onto public void cn.inctech.app.sys.action.SysAction.login_error(java.lang.String)
2018-08-17 10:01:12.250 [main] INFO  o.s.w.s.m.m.a.RequestMappingHandlerMapping - Mapped "{[/login_success]}" onto public java.util.Map<java.lang.String, java.lang.Object> cn.inctech.app.sys.action.SysAction.login_success()
2018-08-17 10:01:12.250 [main] INFO  o.s.w.s.m.m.a.RequestMappingHandlerMapping - Mapped "{[/login_pass_error]}" onto public java.util.Map<java.lang.String, java.lang.Object> cn.inctech.app.sys.action.SysAction.login_pass_error()
2018-08-17 10:01:12.250 [main] INFO  o.s.w.s.m.m.a.RequestMappingHandlerMapping - Mapped "{[/login],methods=[POST]}" onto public void cn.inctech.app.sys.action.SysAction.pass_error(java.lang.String)
2018-08-17 10:01:12.251 [main] INFO  o.s.w.s.m.m.a.RequestMappingHandlerMapping - Mapped "{[/403]}" onto public void cn.inctech.app.sys.action.SysAction.access_403()
2018-08-17 10:01:12.256 [main] INFO  o.s.w.s.m.m.a.RequestMappingHandlerMapping - Mapped "{[/error]}" onto public org.springframework.http.ResponseEntity<java.util.Map<java.lang.String, java.lang.Object>> org.springframework.boot.autoconfigure.web.servlet.error.BasicErrorController.error(javax.servlet.http.HttpServletRequest)
2018-08-17 10:01:12.257 [main] INFO  o.s.w.s.m.m.a.RequestMappingHandlerMapping - Mapped "{[/error],produces=[text/html]}" onto public org.springframework.web.servlet.ModelAndView org.springframework.boot.autoconfigure.web.servlet.error.BasicErrorController.errorHtml(javax.servlet.http.HttpServletRequest,javax.servlet.http.HttpServletResponse)
2018-08-17 10:01:12.424 [main] INFO  o.s.w.s.m.m.a.RequestMappingHandlerAdapter - Looking for @ControllerAdvice: org.springframework.web.context.support.GenericWebApplicationContext@421e361: startup date [Fri Aug 17 10:01:07 CST 2018]; root of context hierarchy
2018-08-17 10:01:12.504 [main] INFO  o.s.w.s.m.m.a.ExceptionHandlerExceptionResolver - Detected @ExceptionHandler methods in sysActionHadnler
2018-08-17 10:01:12.953 [main] INFO  o.s.security.web.DefaultSecurityFilterChain - Creating filter chain: org.springframework.security.web.util.matcher.AnyRequestMatcher@1, [org.springframework.security.web.context.request.async.WebAsyncManagerIntegrationFilter@4d354a3e, org.springframework.security.web.context.SecurityContextPersistenceFilter@6a1568d6, org.springframework.security.web.header.HeaderWriterFilter@3520958b, org.springframework.security.web.csrf.CsrfFilter@251c8145, org.springframework.security.web.authentication.logout.LogoutFilter@2fd39436, cn.inctech.app.common.security.spring.KaptchaAuthenticationFilter@24a0c58b, org.springframework.security.web.authentication.UsernamePasswordAuthenticationFilter@6806468e, org.springframework.security.web.savedrequest.RequestCacheAwareFilter@1b37fbec, org.springframework.security.web.servletapi.SecurityContextHolderAwareRequestFilter@582e9152, org.springframework.security.web.authentication.rememberme.RememberMeAuthenticationFilter@6424e613, org.springframework.security.web.authentication.AnonymousAuthenticationFilter@604d28c6, org.springframework.security.web.session.SessionManagementFilter@291a4791, org.springframework.security.web.access.ExceptionTranslationFilter@1c98b4eb, org.springframework.security.web.access.intercept.FilterSecurityInterceptor@4168f3d9]
2018-08-17 10:01:13.417 [main] WARN  o.s.b.a.o.j.JpaBaseConfiguration$JpaWebConfiguration$JpaWebMvcConfiguration - spring.jpa.open-in-view is enabled by default. Therefore, database queries may be performed during view rendering. Explicitly configure spring.jpa.open-in-view to disable this warning
2018-08-17 10:01:14.221 [main] INFO  o.s.b.a.s.s.UserDetailsServiceAutoConfiguration - 

Using generated security password: 2fd6696d-b15a-4c3b-b023-716793fe4324

2018-08-17 10:01:14.241 [main] INFO  cn.inctech.app.StartAppTests - Started StartAppTests in 7.363 seconds (JVM running for 9.424)
2018-08-17 10:01:14.609 [Thread-3] INFO  o.s.w.context.support.GenericWebApplicationContext - Closing org.springframework.web.context.support.GenericWebApplicationContext@421e361: startup date [Fri Aug 17 10:01:07 CST 2018]; root of context hierarchy
2018-08-17 10:01:14.616 [Thread-3] INFO  o.s.orm.jpa.LocalContainerEntityManagerFactoryBean - Closing JPA EntityManagerFactory for persistence unit 'default'
2018-08-17 10:01:14.622 [Thread-3] INFO  com.alibaba.druid.pool.DruidDataSource - {dataSource-1} closed
2018-08-17 10:01:45.760 [main] INFO  o.s.b.t.context.SpringBootTestContextBootstrapper - Neither @ContextConfiguration nor @ContextHierarchy found for test class [cn.inctech.app.StartAppTests], using SpringBootContextLoader
2018-08-17 10:01:45.772 [main] INFO  o.s.test.context.support.AbstractContextLoader - Could not detect default resource locations for test class [cn.inctech.app.StartAppTests]: no resource found for suffixes {-context.xml, Context.groovy}.
2018-08-17 10:01:45.773 [main] INFO  o.s.t.c.support.AnnotationConfigContextLoaderUtils - Could not detect default configuration classes for test class [cn.inctech.app.StartAppTests]: StartAppTests does not declare any static, non-private, non-final, nested classes annotated with @Configuration.
2018-08-17 10:01:46.004 [main] INFO  o.s.b.t.context.SpringBootTestContextBootstrapper - Found @SpringBootConfiguration cn.inctech.app.StartApp for test class cn.inctech.app.StartAppTests
2018-08-17 10:01:46.228 [main] INFO  o.s.b.t.context.SpringBootTestContextBootstrapper - Loaded default TestExecutionListener class names from location [META-INF/spring.factories]: [org.springframework.boot.test.mock.mockito.MockitoTestExecutionListener, org.springframework.boot.test.mock.mockito.ResetMocksTestExecutionListener, org.springframework.boot.test.autoconfigure.restdocs.RestDocsTestExecutionListener, org.springframework.boot.test.autoconfigure.web.client.MockRestServiceServerResetTestExecutionListener, org.springframework.boot.test.autoconfigure.web.servlet.MockMvcPrintOnlyOnFailureTestExecutionListener, org.springframework.boot.test.autoconfigure.web.servlet.WebDriverTestExecutionListener, org.springframework.test.context.web.ServletTestExecutionListener, org.springframework.test.context.support.DirtiesContextBeforeModesTestExecutionListener, org.springframework.test.context.support.DependencyInjectionTestExecutionListener, org.springframework.test.context.support.DirtiesContextTestExecutionListener, org.springframework.test.context.transaction.TransactionalTestExecutionListener, org.springframework.test.context.jdbc.SqlScriptsTestExecutionListener, org.springframework.security.test.context.support.WithSecurityContextTestExecutionListener, org.springframework.security.test.context.support.ReactorContextTestExecutionListener]
2018-08-17 10:01:46.261 [main] INFO  o.s.b.t.context.SpringBootTestContextBootstrapper - Using TestExecutionListeners: [org.springframework.test.context.web.ServletTestExecutionListener@49dc7102, org.springframework.test.context.support.DirtiesContextBeforeModesTestExecutionListener@6b8ca3c8, org.springframework.boot.test.mock.mockito.MockitoTestExecutionListener@68c72235, org.springframework.boot.test.autoconfigure.SpringBootDependencyInjectionTestExecutionListener@10959ece, org.springframework.test.context.support.DirtiesContextTestExecutionListener@3a6bb9bf, org.springframework.test.context.transaction.TransactionalTestExecutionListener@34f7cfd9, org.springframework.test.context.jdbc.SqlScriptsTestExecutionListener@65f095f8, org.springframework.security.test.context.support.WithSecurityContextTestExecutionListener@59af0466, org.springframework.security.test.context.support.ReactorContextTestExecutionListener@3e6ef8ad, org.springframework.boot.test.mock.mockito.ResetMocksTestExecutionListener@346d61be, org.springframework.boot.test.autoconfigure.restdocs.RestDocsTestExecutionListener@55536d9e, org.springframework.boot.test.autoconfigure.web.client.MockRestServiceServerResetTestExecutionListener@747edf66, org.springframework.boot.test.autoconfigure.web.servlet.MockMvcPrintOnlyOnFailureTestExecutionListener@3d1cfad4, org.springframework.boot.test.autoconfigure.web.servlet.WebDriverTestExecutionListener@62230c58]
2018-08-17 10:01:46.967 [main] INFO  cn.inctech.app.StartAppTests - Starting StartAppTests on srv-work with PID 17836 (started by Administrator in D:\java\work\sts_sp\inc_sys)
2018-08-17 10:01:46.968 [main] INFO  cn.inctech.app.StartAppTests - No active profile set, falling back to default profiles: default
2018-08-17 10:01:47.016 [main] INFO  o.s.w.context.support.GenericWebApplicationContext - Refreshing org.springframework.web.context.support.GenericWebApplicationContext@421e361: startup date [Fri Aug 17 10:01:47 CST 2018]; root of context hierarchy
2018-08-17 10:01:48.617 [main] INFO  o.s.c.s.PostProcessorRegistrationDelegate$BeanPostProcessorChecker - Bean 'org.springframework.transaction.annotation.ProxyTransactionManagementConfiguration' of type [org.springframework.transaction.annotation.ProxyTransactionManagementConfiguration$$EnhancerBySpringCGLIB$$c9067359] is not eligible for getting processed by all BeanPostProcessors (for example: not eligible for auto-proxying)
2018-08-17 10:01:48.802 [main] INFO  o.s.c.s.PostProcessorRegistrationDelegate$BeanPostProcessorChecker - Bean 'org.springframework.security.config.annotation.configuration.ObjectPostProcessorConfiguration' of type [org.springframework.security.config.annotation.configuration.ObjectPostProcessorConfiguration$$EnhancerBySpringCGLIB$$61b43b93] is not eligible for getting processed by all BeanPostProcessors (for example: not eligible for auto-proxying)
2018-08-17 10:01:48.819 [main] INFO  o.s.c.s.PostProcessorRegistrationDelegate$BeanPostProcessorChecker - Bean 'objectPostProcessor' of type [org.springframework.security.config.annotation.configuration.AutowireBeanFactoryObjectPostProcessor] is not eligible for getting processed by all BeanPostProcessors (for example: not eligible for auto-proxying)
2018-08-17 10:01:48.825 [main] INFO  o.s.c.s.PostProcessorRegistrationDelegate$BeanPostProcessorChecker - Bean 'org.springframework.security.access.expression.method.DefaultMethodSecurityExpressionHandler@58ec7116' of type [org.springframework.security.access.expression.method.DefaultMethodSecurityExpressionHandler] is not eligible for getting processed by all BeanPostProcessors (for example: not eligible for auto-proxying)
2018-08-17 10:01:48.839 [main] INFO  o.s.c.s.PostProcessorRegistrationDelegate$BeanPostProcessorChecker - Bean 'org.springframework.security.config.annotation.method.configuration.GlobalMethodSecurityConfiguration' of type [org.springframework.security.config.annotation.method.configuration.GlobalMethodSecurityConfiguration$$EnhancerBySpringCGLIB$$8688de45] is not eligible for getting processed by all BeanPostProcessors (for example: not eligible for auto-proxying)
2018-08-17 10:01:48.871 [main] INFO  o.s.c.s.PostProcessorRegistrationDelegate$BeanPostProcessorChecker - Bean 'methodSecurityMetadataSource' of type [org.springframework.security.access.method.DelegatingMethodSecurityMetadataSource] is not eligible for getting processed by all BeanPostProcessors (for example: not eligible for auto-proxying)
2018-08-17 10:01:49.512 [main] INFO  com.alibaba.druid.pool.DruidDataSource - {dataSource-1} inited
2018-08-17 10:01:49.885 [main] INFO  o.s.orm.jpa.LocalContainerEntityManagerFactoryBean - Building JPA container EntityManagerFactory for persistence unit 'default'
2018-08-17 10:01:49.977 [main] INFO  org.hibernate.jpa.internal.util.LogHelper - HHH000204: Processing PersistenceUnitInfo [
	name: default
	...]
2018-08-17 10:01:50.077 [main] INFO  org.hibernate.Version - HHH000412: Hibernate Core {5.2.17.Final}
2018-08-17 10:01:50.079 [main] INFO  org.hibernate.cfg.Environment - HHH000206: hibernate.properties not found
2018-08-17 10:01:50.118 [main] INFO  org.hibernate.annotations.common.Version - HCANN000001: Hibernate Commons Annotations {5.0.1.Final}
2018-08-17 10:01:50.231 [main] INFO  org.hibernate.dialect.Dialect - HHH000400: Using dialect: org.hibernate.dialect.MySQL5Dialect
2018-08-17 10:01:50.724 [main] INFO  o.s.orm.jpa.LocalContainerEntityManagerFactoryBean - Initialized JPA EntityManagerFactory for persistence unit 'default'
2018-08-17 10:01:51.171 [main] INFO  o.s.w.s.m.m.a.RequestMappingHandlerMapping - Mapped "{[/]}" onto public java.lang.String cn.inctech.app.biz.demo.hello.action.HelloAction.index()
2018-08-17 10:01:51.173 [main] INFO  o.s.w.s.m.m.a.RequestMappingHandlerMapping - Mapped "{[/user_insert]}" onto public java.util.Map<java.lang.String, java.lang.Object> cn.inctech.app.biz.demo.user.action.UserAction.user_insert(cn.inctech.app.biz.demo.user.dao.UserModel)
2018-08-17 10:01:51.174 [main] INFO  o.s.w.s.m.m.a.RequestMappingHandlerMapping - Mapped "{[/login],methods=[GET]}" onto public void cn.inctech.app.sys.action.SysAction.login_error(java.lang.String)
2018-08-17 10:01:51.175 [main] INFO  o.s.w.s.m.m.a.RequestMappingHandlerMapping - Mapped "{[/403]}" onto public void cn.inctech.app.sys.action.SysAction.access_403()
2018-08-17 10:01:51.175 [main] INFO  o.s.w.s.m.m.a.RequestMappingHandlerMapping - Mapped "{[/login_success]}" onto public java.util.Map<java.lang.String, java.lang.Object> cn.inctech.app.sys.action.SysAction.login_success()
2018-08-17 10:01:51.175 [main] INFO  o.s.w.s.m.m.a.RequestMappingHandlerMapping - Mapped "{[/login_page]}" onto public java.lang.String cn.inctech.app.sys.action.SysAction.login_page()
2018-08-17 10:01:51.175 [main] INFO  o.s.w.s.m.m.a.RequestMappingHandlerMapping - Mapped "{[/login_pass_error]}" onto public java.util.Map<java.lang.String, java.lang.Object> cn.inctech.app.sys.action.SysAction.login_pass_error()
2018-08-17 10:01:51.175 [main] INFO  o.s.w.s.m.m.a.RequestMappingHandlerMapping - Mapped "{[/login],methods=[POST]}" onto public void cn.inctech.app.sys.action.SysAction.pass_error(java.lang.String)
2018-08-17 10:01:51.180 [main] INFO  o.s.w.s.m.m.a.RequestMappingHandlerMapping - Mapped "{[/error]}" onto public org.springframework.http.ResponseEntity<java.util.Map<java.lang.String, java.lang.Object>> org.springframework.boot.autoconfigure.web.servlet.error.BasicErrorController.error(javax.servlet.http.HttpServletRequest)
2018-08-17 10:01:51.181 [main] INFO  o.s.w.s.m.m.a.RequestMappingHandlerMapping - Mapped "{[/error],produces=[text/html]}" onto public org.springframework.web.servlet.ModelAndView org.springframework.boot.autoconfigure.web.servlet.error.BasicErrorController.errorHtml(javax.servlet.http.HttpServletRequest,javax.servlet.http.HttpServletResponse)
2018-08-17 10:01:51.308 [main] INFO  o.s.w.s.m.m.a.RequestMappingHandlerAdapter - Looking for @ControllerAdvice: org.springframework.web.context.support.GenericWebApplicationContext@421e361: startup date [Fri Aug 17 10:01:47 CST 2018]; root of context hierarchy
2018-08-17 10:01:51.379 [main] INFO  o.s.w.s.m.m.a.ExceptionHandlerExceptionResolver - Detected @ExceptionHandler methods in sysActionHadnler
2018-08-17 10:01:51.760 [main] INFO  o.s.security.web.DefaultSecurityFilterChain - Creating filter chain: org.springframework.security.web.util.matcher.AnyRequestMatcher@1, [org.springframework.security.web.context.request.async.WebAsyncManagerIntegrationFilter@1eca3ea7, org.springframework.security.web.context.SecurityContextPersistenceFilter@3312f4f4, org.springframework.security.web.header.HeaderWriterFilter@5b0dbfb, org.springframework.security.web.csrf.CsrfFilter@340cb97f, org.springframework.security.web.authentication.logout.LogoutFilter@370c9018, cn.inctech.app.common.security.spring.KaptchaAuthenticationFilter@24fba488, org.springframework.security.web.authentication.UsernamePasswordAuthenticationFilter@2c9d90fc, org.springframework.security.web.savedrequest.RequestCacheAwareFilter@76cdafa3, org.springframework.security.web.servletapi.SecurityContextHolderAwareRequestFilter@58f254b1, org.springframework.security.web.authentication.rememberme.RememberMeAuthenticationFilter@666618d6, org.springframework.security.web.authentication.AnonymousAuthenticationFilter@73a6cc79, org.springframework.security.web.session.SessionManagementFilter@797fcf9, org.springframework.security.web.access.ExceptionTranslationFilter@251d7fdd, org.springframework.security.web.access.intercept.FilterSecurityInterceptor@7ec08115]
2018-08-17 10:01:52.171 [main] WARN  o.s.b.a.o.j.JpaBaseConfiguration$JpaWebConfiguration$JpaWebMvcConfiguration - spring.jpa.open-in-view is enabled by default. Therefore, database queries may be performed during view rendering. Explicitly configure spring.jpa.open-in-view to disable this warning
2018-08-17 10:01:53.093 [main] INFO  o.s.b.a.s.s.UserDetailsServiceAutoConfiguration - 

Using generated security password: 6575cd69-450c-449f-8c43-32eed4751e3b

2018-08-17 10:01:53.116 [main] INFO  cn.inctech.app.StartAppTests - Started StartAppTests in 6.77 seconds (JVM running for 8.742)
2018-08-17 10:01:53.581 [Thread-3] INFO  o.s.w.context.support.GenericWebApplicationContext - Closing org.springframework.web.context.support.GenericWebApplicationContext@421e361: startup date [Fri Aug 17 10:01:47 CST 2018]; root of context hierarchy
2018-08-17 10:01:53.586 [Thread-3] INFO  o.s.orm.jpa.LocalContainerEntityManagerFactoryBean - Closing JPA EntityManagerFactory for persistence unit 'default'
2018-08-17 10:01:53.598 [Thread-3] INFO  com.alibaba.druid.pool.DruidDataSource - {dataSource-1} closed
2018-08-17 10:02:23.218 [main] INFO  o.s.b.t.context.SpringBootTestContextBootstrapper - Neither @ContextConfiguration nor @ContextHierarchy found for test class [cn.inctech.app.StartAppTests], using SpringBootContextLoader
2018-08-17 10:02:23.238 [main] INFO  o.s.test.context.support.AbstractContextLoader - Could not detect default resource locations for test class [cn.inctech.app.StartAppTests]: no resource found for suffixes {-context.xml, Context.groovy}.
2018-08-17 10:02:23.241 [main] INFO  o.s.t.c.support.AnnotationConfigContextLoaderUtils - Could not detect default configuration classes for test class [cn.inctech.app.StartAppTests]: StartAppTests does not declare any static, non-private, non-final, nested classes annotated with @Configuration.
2018-08-17 10:02:23.502 [main] INFO  o.s.b.t.context.SpringBootTestContextBootstrapper - Found @SpringBootConfiguration cn.inctech.app.StartApp for test class cn.inctech.app.StartAppTests
2018-08-17 10:02:23.718 [main] INFO  o.s.b.t.context.SpringBootTestContextBootstrapper - Loaded default TestExecutionListener class names from location [META-INF/spring.factories]: [org.springframework.boot.test.mock.mockito.MockitoTestExecutionListener, org.springframework.boot.test.mock.mockito.ResetMocksTestExecutionListener, org.springframework.boot.test.autoconfigure.restdocs.RestDocsTestExecutionListener, org.springframework.boot.test.autoconfigure.web.client.MockRestServiceServerResetTestExecutionListener, org.springframework.boot.test.autoconfigure.web.servlet.MockMvcPrintOnlyOnFailureTestExecutionListener, org.springframework.boot.test.autoconfigure.web.servlet.WebDriverTestExecutionListener, org.springframework.test.context.web.ServletTestExecutionListener, org.springframework.test.context.support.DirtiesContextBeforeModesTestExecutionListener, org.springframework.test.context.support.DependencyInjectionTestExecutionListener, org.springframework.test.context.support.DirtiesContextTestExecutionListener, org.springframework.test.context.transaction.TransactionalTestExecutionListener, org.springframework.test.context.jdbc.SqlScriptsTestExecutionListener, org.springframework.security.test.context.support.WithSecurityContextTestExecutionListener, org.springframework.security.test.context.support.ReactorContextTestExecutionListener]
2018-08-17 10:02:23.740 [main] INFO  o.s.b.t.context.SpringBootTestContextBootstrapper - Using TestExecutionListeners: [org.springframework.test.context.web.ServletTestExecutionListener@49dc7102, org.springframework.test.context.support.DirtiesContextBeforeModesTestExecutionListener@6b8ca3c8, org.springframework.boot.test.mock.mockito.MockitoTestExecutionListener@68c72235, org.springframework.boot.test.autoconfigure.SpringBootDependencyInjectionTestExecutionListener@10959ece, org.springframework.test.context.support.DirtiesContextTestExecutionListener@3a6bb9bf, org.springframework.test.context.transaction.TransactionalTestExecutionListener@34f7cfd9, org.springframework.test.context.jdbc.SqlScriptsTestExecutionListener@65f095f8, org.springframework.security.test.context.support.WithSecurityContextTestExecutionListener@59af0466, org.springframework.security.test.context.support.ReactorContextTestExecutionListener@3e6ef8ad, org.springframework.boot.test.mock.mockito.ResetMocksTestExecutionListener@346d61be, org.springframework.boot.test.autoconfigure.restdocs.RestDocsTestExecutionListener@55536d9e, org.springframework.boot.test.autoconfigure.web.client.MockRestServiceServerResetTestExecutionListener@747edf66, org.springframework.boot.test.autoconfigure.web.servlet.MockMvcPrintOnlyOnFailureTestExecutionListener@3d1cfad4, org.springframework.boot.test.autoconfigure.web.servlet.WebDriverTestExecutionListener@62230c58]
2018-08-17 10:02:24.346 [main] INFO  cn.inctech.app.StartAppTests - Starting StartAppTests on srv-work with PID 16748 (started by Administrator in D:\java\work\sts_sp\inc_sys)
2018-08-17 10:02:24.347 [main] INFO  cn.inctech.app.StartAppTests - No active profile set, falling back to default profiles: default
2018-08-17 10:02:24.390 [main] INFO  o.s.w.context.support.GenericWebApplicationContext - Refreshing org.springframework.web.context.support.GenericWebApplicationContext@421e361: startup date [Fri Aug 17 10:02:24 CST 2018]; root of context hierarchy
2018-08-17 10:02:25.881 [main] INFO  o.s.c.s.PostProcessorRegistrationDelegate$BeanPostProcessorChecker - Bean 'org.springframework.transaction.annotation.ProxyTransactionManagementConfiguration' of type [org.springframework.transaction.annotation.ProxyTransactionManagementConfiguration$$EnhancerBySpringCGLIB$$ac21251d] is not eligible for getting processed by all BeanPostProcessors (for example: not eligible for auto-proxying)
2018-08-17 10:02:26.051 [main] INFO  o.s.c.s.PostProcessorRegistrationDelegate$BeanPostProcessorChecker - Bean 'org.springframework.security.config.annotation.configuration.ObjectPostProcessorConfiguration' of type [org.springframework.security.config.annotation.configuration.ObjectPostProcessorConfiguration$$EnhancerBySpringCGLIB$$44ceed57] is not eligible for getting processed by all BeanPostProcessors (for example: not eligible for auto-proxying)
2018-08-17 10:02:26.063 [main] INFO  o.s.c.s.PostProcessorRegistrationDelegate$BeanPostProcessorChecker - Bean 'objectPostProcessor' of type [org.springframework.security.config.annotation.configuration.AutowireBeanFactoryObjectPostProcessor] is not eligible for getting processed by all BeanPostProcessors (for example: not eligible for auto-proxying)
2018-08-17 10:02:26.067 [main] INFO  o.s.c.s.PostProcessorRegistrationDelegate$BeanPostProcessorChecker - Bean 'org.springframework.security.access.expression.method.DefaultMethodSecurityExpressionHandler@2c768ada' of type [org.springframework.security.access.expression.method.DefaultMethodSecurityExpressionHandler] is not eligible for getting processed by all BeanPostProcessors (for example: not eligible for auto-proxying)
2018-08-17 10:02:26.075 [main] INFO  o.s.c.s.PostProcessorRegistrationDelegate$BeanPostProcessorChecker - Bean 'org.springframework.security.config.annotation.method.configuration.GlobalMethodSecurityConfiguration' of type [org.springframework.security.config.annotation.method.configuration.GlobalMethodSecurityConfiguration$$EnhancerBySpringCGLIB$$69a39009] is not eligible for getting processed by all BeanPostProcessors (for example: not eligible for auto-proxying)
2018-08-17 10:02:26.097 [main] INFO  o.s.c.s.PostProcessorRegistrationDelegate$BeanPostProcessorChecker - Bean 'methodSecurityMetadataSource' of type [org.springframework.security.access.method.DelegatingMethodSecurityMetadataSource] is not eligible for getting processed by all BeanPostProcessors (for example: not eligible for auto-proxying)
2018-08-17 10:02:26.689 [main] INFO  com.alibaba.druid.pool.DruidDataSource - {dataSource-1} inited
2018-08-17 10:02:26.999 [main] INFO  o.s.orm.jpa.LocalContainerEntityManagerFactoryBean - Building JPA container EntityManagerFactory for persistence unit 'default'
2018-08-17 10:02:27.019 [main] INFO  org.hibernate.jpa.internal.util.LogHelper - HHH000204: Processing PersistenceUnitInfo [
	name: default
	...]
2018-08-17 10:02:27.116 [main] INFO  org.hibernate.Version - HHH000412: Hibernate Core {5.2.17.Final}
2018-08-17 10:02:27.119 [main] INFO  org.hibernate.cfg.Environment - HHH000206: hibernate.properties not found
2018-08-17 10:02:27.169 [main] INFO  org.hibernate.annotations.common.Version - HCANN000001: Hibernate Commons Annotations {5.0.1.Final}
2018-08-17 10:02:27.321 [main] INFO  org.hibernate.dialect.Dialect - HHH000400: Using dialect: org.hibernate.dialect.MySQL5Dialect
2018-08-17 10:02:27.596 [main] INFO  o.s.orm.jpa.LocalContainerEntityManagerFactoryBean - Initialized JPA EntityManagerFactory for persistence unit 'default'
2018-08-17 10:02:28.089 [main] INFO  o.s.w.s.m.m.a.RequestMappingHandlerMapping - Mapped "{[/]}" onto public java.lang.String cn.inctech.app.biz.demo.hello.action.HelloAction.index()
2018-08-17 10:02:28.090 [main] INFO  o.s.w.s.m.m.a.RequestMappingHandlerMapping - Mapped "{[/user_insert]}" onto public java.util.Map<java.lang.String, java.lang.Object> cn.inctech.app.biz.demo.user.action.UserAction.user_insert(cn.inctech.app.biz.demo.user.dao.UserModel)
2018-08-17 10:02:28.091 [main] INFO  o.s.w.s.m.m.a.RequestMappingHandlerMapping - Mapped "{[/login],methods=[GET]}" onto public void cn.inctech.app.sys.action.SysAction.login_error(java.lang.String)
2018-08-17 10:02:28.091 [main] INFO  o.s.w.s.m.m.a.RequestMappingHandlerMapping - Mapped "{[/403]}" onto public void cn.inctech.app.sys.action.SysAction.access_403()
2018-08-17 10:02:28.092 [main] INFO  o.s.w.s.m.m.a.RequestMappingHandlerMapping - Mapped "{[/login_success]}" onto public java.util.Map<java.lang.String, java.lang.Object> cn.inctech.app.sys.action.SysAction.login_success()
2018-08-17 10:02:28.092 [main] INFO  o.s.w.s.m.m.a.RequestMappingHandlerMapping - Mapped "{[/login],methods=[POST]}" onto public void cn.inctech.app.sys.action.SysAction.pass_error(java.lang.String)
2018-08-17 10:02:28.092 [main] INFO  o.s.w.s.m.m.a.RequestMappingHandlerMapping - Mapped "{[/login_page]}" onto public java.lang.String cn.inctech.app.sys.action.SysAction.login_page()
2018-08-17 10:02:28.093 [main] INFO  o.s.w.s.m.m.a.RequestMappingHandlerMapping - Mapped "{[/login_pass_error]}" onto public java.util.Map<java.lang.String, java.lang.Object> cn.inctech.app.sys.action.SysAction.login_pass_error()
2018-08-17 10:02:28.107 [main] INFO  o.s.w.s.m.m.a.RequestMappingHandlerMapping - Mapped "{[/error]}" onto public org.springframework.http.ResponseEntity<java.util.Map<java.lang.String, java.lang.Object>> org.springframework.boot.autoconfigure.web.servlet.error.BasicErrorController.error(javax.servlet.http.HttpServletRequest)
2018-08-17 10:02:28.108 [main] INFO  o.s.w.s.m.m.a.RequestMappingHandlerMapping - Mapped "{[/error],produces=[text/html]}" onto public org.springframework.web.servlet.ModelAndView org.springframework.boot.autoconfigure.web.servlet.error.BasicErrorController.errorHtml(javax.servlet.http.HttpServletRequest,javax.servlet.http.HttpServletResponse)
2018-08-17 10:02:28.235 [main] INFO  o.s.w.s.m.m.a.RequestMappingHandlerAdapter - Looking for @ControllerAdvice: org.springframework.web.context.support.GenericWebApplicationContext@421e361: startup date [Fri Aug 17 10:02:24 CST 2018]; root of context hierarchy
2018-08-17 10:02:28.303 [main] INFO  o.s.w.s.m.m.a.ExceptionHandlerExceptionResolver - Detected @ExceptionHandler methods in sysActionHadnler
2018-08-17 10:02:28.661 [main] INFO  o.s.security.web.DefaultSecurityFilterChain - Creating filter chain: org.springframework.security.web.util.matcher.AnyRequestMatcher@1, [org.springframework.security.web.context.request.async.WebAsyncManagerIntegrationFilter@4d354a3e, org.springframework.security.web.context.SecurityContextPersistenceFilter@6a1568d6, org.springframework.security.web.header.HeaderWriterFilter@3520958b, org.springframework.security.web.csrf.CsrfFilter@251c8145, org.springframework.security.web.authentication.logout.LogoutFilter@2fd39436, cn.inctech.app.common.security.spring.KaptchaAuthenticationFilter@24a0c58b, org.springframework.security.web.authentication.UsernamePasswordAuthenticationFilter@6806468e, org.springframework.security.web.savedrequest.RequestCacheAwareFilter@1b37fbec, org.springframework.security.web.servletapi.SecurityContextHolderAwareRequestFilter@582e9152, org.springframework.security.web.authentication.rememberme.RememberMeAuthenticationFilter@6424e613, org.springframework.security.web.authentication.AnonymousAuthenticationFilter@604d28c6, org.springframework.security.web.session.SessionManagementFilter@291a4791, org.springframework.security.web.access.ExceptionTranslationFilter@1c98b4eb, org.springframework.security.web.access.intercept.FilterSecurityInterceptor@4168f3d9]
2018-08-17 10:02:28.994 [main] WARN  o.s.b.a.o.j.JpaBaseConfiguration$JpaWebConfiguration$JpaWebMvcConfiguration - spring.jpa.open-in-view is enabled by default. Therefore, database queries may be performed during view rendering. Explicitly configure spring.jpa.open-in-view to disable this warning
2018-08-17 10:02:29.576 [main] INFO  o.s.b.a.s.s.UserDetailsServiceAutoConfiguration - 

Using generated security password: 77f09e8c-09df-4602-b540-9aa7c6a12162

2018-08-17 10:02:29.592 [main] INFO  cn.inctech.app.StartAppTests - Started StartAppTests in 5.789 seconds (JVM running for 7.979)
2018-08-17 10:02:29.965 [Thread-3] INFO  o.s.w.context.support.GenericWebApplicationContext - Closing org.springframework.web.context.support.GenericWebApplicationContext@421e361: startup date [Fri Aug 17 10:02:24 CST 2018]; root of context hierarchy
2018-08-17 10:02:29.968 [Thread-3] INFO  o.s.orm.jpa.LocalContainerEntityManagerFactoryBean - Closing JPA EntityManagerFactory for persistence unit 'default'
2018-08-17 10:02:29.972 [Thread-3] INFO  com.alibaba.druid.pool.DruidDataSource - {dataSource-1} closed
2018-08-17 10:25:56.804 [main] INFO  o.s.b.t.context.SpringBootTestContextBootstrapper - Neither @ContextConfiguration nor @ContextHierarchy found for test class [cn.inctech.app.StartAppTests], using SpringBootContextLoader
2018-08-17 10:25:56.824 [main] INFO  o.s.test.context.support.AbstractContextLoader - Could not detect default resource locations for test class [cn.inctech.app.StartAppTests]: no resource found for suffixes {-context.xml, Context.groovy}.
2018-08-17 10:25:56.826 [main] INFO  o.s.t.c.support.AnnotationConfigContextLoaderUtils - Could not detect default configuration classes for test class [cn.inctech.app.StartAppTests]: StartAppTests does not declare any static, non-private, non-final, nested classes annotated with @Configuration.
2018-08-17 10:25:57.172 [main] INFO  o.s.b.t.context.SpringBootTestContextBootstrapper - Found @SpringBootConfiguration cn.inctech.app.StartApp for test class cn.inctech.app.StartAppTests
2018-08-17 10:25:57.364 [main] INFO  o.s.b.t.context.SpringBootTestContextBootstrapper - Loaded default TestExecutionListener class names from location [META-INF/spring.factories]: [org.springframework.boot.test.mock.mockito.MockitoTestExecutionListener, org.springframework.boot.test.mock.mockito.ResetMocksTestExecutionListener, org.springframework.boot.test.autoconfigure.restdocs.RestDocsTestExecutionListener, org.springframework.boot.test.autoconfigure.web.client.MockRestServiceServerResetTestExecutionListener, org.springframework.boot.test.autoconfigure.web.servlet.MockMvcPrintOnlyOnFailureTestExecutionListener, org.springframework.boot.test.autoconfigure.web.servlet.WebDriverTestExecutionListener, org.springframework.test.context.web.ServletTestExecutionListener, org.springframework.test.context.support.DirtiesContextBeforeModesTestExecutionListener, org.springframework.test.context.support.DependencyInjectionTestExecutionListener, org.springframework.test.context.support.DirtiesContextTestExecutionListener, org.springframework.test.context.transaction.TransactionalTestExecutionListener, org.springframework.test.context.jdbc.SqlScriptsTestExecutionListener, org.springframework.security.test.context.support.WithSecurityContextTestExecutionListener, org.springframework.security.test.context.support.ReactorContextTestExecutionListener]
2018-08-17 10:25:57.396 [main] INFO  o.s.b.t.context.SpringBootTestContextBootstrapper - Using TestExecutionListeners: [org.springframework.test.context.web.ServletTestExecutionListener@79da8dc5, org.springframework.test.context.support.DirtiesContextBeforeModesTestExecutionListener@1eb5174b, org.springframework.boot.test.mock.mockito.MockitoTestExecutionListener@67080771, org.springframework.boot.test.autoconfigure.SpringBootDependencyInjectionTestExecutionListener@72cde7cc, org.springframework.test.context.support.DirtiesContextTestExecutionListener@5fd4f8f5, org.springframework.test.context.transaction.TransactionalTestExecutionListener@696da30b, org.springframework.test.context.jdbc.SqlScriptsTestExecutionListener@4e7912d8, org.springframework.security.test.context.support.WithSecurityContextTestExecutionListener@53976f5c, org.springframework.security.test.context.support.ReactorContextTestExecutionListener@2bfc268b, org.springframework.boot.test.mock.mockito.ResetMocksTestExecutionListener@2f8dad04, org.springframework.boot.test.autoconfigure.restdocs.RestDocsTestExecutionListener@29e495ff, org.springframework.boot.test.autoconfigure.web.client.MockRestServiceServerResetTestExecutionListener@41e1e210, org.springframework.boot.test.autoconfigure.web.servlet.MockMvcPrintOnlyOnFailureTestExecutionListener@be35cd9, org.springframework.boot.test.autoconfigure.web.servlet.WebDriverTestExecutionListener@4944252c]
2018-08-17 10:25:57.989 [main] INFO  cn.inctech.app.StartAppTests - Starting StartAppTests on srv-work with PID 19224 (started by Administrator in D:\java\work\sts_sp\inc_sys)
2018-08-17 10:25:57.991 [main] INFO  cn.inctech.app.StartAppTests - No active profile set, falling back to default profiles: default
2018-08-17 10:25:58.028 [main] INFO  o.s.w.context.support.GenericWebApplicationContext - Refreshing org.springframework.web.context.support.GenericWebApplicationContext@12a94400: startup date [Fri Aug 17 10:25:58 CST 2018]; root of context hierarchy
2018-08-17 10:25:59.275 [main] ERROR org.springframework.boot.SpringApplication - Application run failed
java.lang.IllegalStateException: Failed to introspect Class [com.github.pagehelper.autoconfigure.PageHelperAutoConfiguration] from ClassLoader [sun.misc.Launcher$AppClassLoader@49c2faae]
	at org.springframework.util.ReflectionUtils.getDeclaredFields(ReflectionUtils.java:758)
	at org.springframework.util.ReflectionUtils.doWithFields(ReflectionUtils.java:723)
	at org.springframework.util.ReflectionUtils.doWithFields(ReflectionUtils.java:708)
	at org.springframework.boot.test.mock.mockito.DefinitionsParser.parse(DefinitionsParser.java:62)
	at org.springframework.boot.test.mock.mockito.MockitoPostProcessor.postProcessBeanFactory(MockitoPostProcessor.java:139)
	at org.springframework.boot.test.mock.mockito.MockitoPostProcessor.postProcessBeanFactory(MockitoPostProcessor.java:131)
	at org.springframework.context.support.PostProcessorRegistrationDelegate.invokeBeanFactoryPostProcessors(PostProcessorRegistrationDelegate.java:282)
	at org.springframework.context.support.PostProcessorRegistrationDelegate.invokeBeanFactoryPostProcessors(PostProcessorRegistrationDelegate.java:170)
	at org.springframework.context.support.AbstractApplicationContext.invokeBeanFactoryPostProcessors(AbstractApplicationContext.java:694)
	at org.springframework.context.support.AbstractApplicationContext.refresh(AbstractApplicationContext.java:532)
	at org.springframework.boot.SpringApplication.refresh(SpringApplication.java:762)
	at org.springframework.boot.SpringApplication.refreshContext(SpringApplication.java:398)
	at org.springframework.boot.SpringApplication.run(SpringApplication.java:330)
	at org.springframework.boot.test.context.SpringBootContextLoader.loadContext(SpringBootContextLoader.java:139)
	at org.springframework.test.context.cache.DefaultCacheAwareContextLoaderDelegate.loadContextInternal(DefaultCacheAwareContextLoaderDelegate.java:99)
	at org.springframework.test.context.cache.DefaultCacheAwareContextLoaderDelegate.loadContext(DefaultCacheAwareContextLoaderDelegate.java:117)
	at org.springframework.test.context.support.DefaultTestContext.getApplicationContext(DefaultTestContext.java:108)
	at org.springframework.test.context.web.ServletTestExecutionListener.setUpRequestContextIfNecessary(ServletTestExecutionListener.java:190)
	at org.springframework.test.context.web.ServletTestExecutionListener.prepareTestInstance(ServletTestExecutionListener.java:132)
	at org.springframework.test.context.TestContextManager.prepareTestInstance(TestContextManager.java:246)
	at org.springframework.test.context.junit4.SpringJUnit4ClassRunner.createTest(SpringJUnit4ClassRunner.java:227)
	at org.springframework.test.context.junit4.SpringJUnit4ClassRunner$1.runReflectiveCall(SpringJUnit4ClassRunner.java:289)
	at org.junit.internal.runners.model.ReflectiveCallable.run(ReflectiveCallable.java:12)
	at org.springframework.test.context.junit4.SpringJUnit4ClassRunner.methodBlock(SpringJUnit4ClassRunner.java:291)
	at org.springframework.test.context.junit4.SpringJUnit4ClassRunner.runChild(SpringJUnit4ClassRunner.java:246)
	at org.springframework.test.context.junit4.SpringJUnit4ClassRunner.runChild(SpringJUnit4ClassRunner.java:97)
	at org.junit.runners.ParentRunner$3.run(ParentRunner.java:290)
	at org.junit.runners.ParentRunner$1.schedule(ParentRunner.java:71)
	at org.junit.runners.ParentRunner.runChildren(ParentRunner.java:288)
	at org.junit.runners.ParentRunner.access$000(ParentRunner.java:58)
	at org.junit.runners.ParentRunner$2.evaluate(ParentRunner.java:268)
	at org.springframework.test.context.junit4.statements.RunBeforeTestClassCallbacks.evaluate(RunBeforeTestClassCallbacks.java:61)
	at org.springframework.test.context.junit4.statements.RunAfterTestClassCallbacks.evaluate(RunAfterTestClassCallbacks.java:70)
	at org.junit.runners.ParentRunner.run(ParentRunner.java:363)
	at org.springframework.test.context.junit4.SpringJUnit4ClassRunner.run(SpringJUnit4ClassRunner.java:190)
	at org.eclipse.jdt.internal.junit4.runner.JUnit4TestReference.run(JUnit4TestReference.java:86)
	at org.eclipse.jdt.internal.junit.runner.TestExecution.run(TestExecution.java:38)
	at org.eclipse.jdt.internal.junit.runner.RemoteTestRunner.runTests(RemoteTestRunner.java:538)
	at org.eclipse.jdt.internal.junit.runner.RemoteTestRunner.runTests(RemoteTestRunner.java:760)
	at org.eclipse.jdt.internal.junit.runner.RemoteTestRunner.run(RemoteTestRunner.java:460)
	at org.eclipse.jdt.internal.junit.runner.RemoteTestRunner.main(RemoteTestRunner.java:206)
Caused by: java.lang.NoClassDefFoundError: Lorg/springframework/boot/bind/RelaxedPropertyResolver;
	at java.lang.Class.getDeclaredFields0(Native Method)
	at java.lang.Class.privateGetDeclaredFields(Class.java:2583)
	at java.lang.Class.getDeclaredFields(Class.java:1916)
	at org.springframework.util.ReflectionUtils.getDeclaredFields(ReflectionUtils.java:753)
	... 40 common frames omitted
Caused by: java.lang.ClassNotFoundException: org.springframework.boot.bind.RelaxedPropertyResolver
	at java.net.URLClassLoader.findClass(URLClassLoader.java:381)
	at java.lang.ClassLoader.loadClass(ClassLoader.java:424)
	at sun.misc.Launcher$AppClassLoader.loadClass(Launcher.java:338)
	at java.lang.ClassLoader.loadClass(ClassLoader.java:357)
	... 44 common frames omitted
2018-08-17 10:25:59.277 [main] INFO  o.s.w.context.support.GenericWebApplicationContext - Closing org.springframework.web.context.support.GenericWebApplicationContext@12a94400: startup date [Fri Aug 17 10:25:58 CST 2018]; root of context hierarchy
2018-08-17 10:25:59.279 [main] ERROR o.springframework.test.context.TestContextManager - Caught exception while allowing TestExecutionListener [org.springframework.test.context.web.ServletTestExecutionListener@79da8dc5] to prepare test instance [cn.inctech.app.StartAppTests@676ff3b0]
java.lang.IllegalStateException: Failed to load ApplicationContext
	at org.springframework.test.context.cache.DefaultCacheAwareContextLoaderDelegate.loadContext(DefaultCacheAwareContextLoaderDelegate.java:125)
	at org.springframework.test.context.support.DefaultTestContext.getApplicationContext(DefaultTestContext.java:108)
	at org.springframework.test.context.web.ServletTestExecutionListener.setUpRequestContextIfNecessary(ServletTestExecutionListener.java:190)
	at org.springframework.test.context.web.ServletTestExecutionListener.prepareTestInstance(ServletTestExecutionListener.java:132)
	at org.springframework.test.context.TestContextManager.prepareTestInstance(TestContextManager.java:246)
	at org.springframework.test.context.junit4.SpringJUnit4ClassRunner.createTest(SpringJUnit4ClassRunner.java:227)
	at org.springframework.test.context.junit4.SpringJUnit4ClassRunner$1.runReflectiveCall(SpringJUnit4ClassRunner.java:289)
	at org.junit.internal.runners.model.ReflectiveCallable.run(ReflectiveCallable.java:12)
	at org.springframework.test.context.junit4.SpringJUnit4ClassRunner.methodBlock(SpringJUnit4ClassRunner.java:291)
	at org.springframework.test.context.junit4.SpringJUnit4ClassRunner.runChild(SpringJUnit4ClassRunner.java:246)
	at org.springframework.test.context.junit4.SpringJUnit4ClassRunner.runChild(SpringJUnit4ClassRunner.java:97)
	at org.junit.runners.ParentRunner$3.run(ParentRunner.java:290)
	at org.junit.runners.ParentRunner$1.schedule(ParentRunner.java:71)
	at org.junit.runners.ParentRunner.runChildren(ParentRunner.java:288)
	at org.junit.runners.ParentRunner.access$000(ParentRunner.java:58)
	at org.junit.runners.ParentRunner$2.evaluate(ParentRunner.java:268)
	at org.springframework.test.context.junit4.statements.RunBeforeTestClassCallbacks.evaluate(RunBeforeTestClassCallbacks.java:61)
	at org.springframework.test.context.junit4.statements.RunAfterTestClassCallbacks.evaluate(RunAfterTestClassCallbacks.java:70)
	at org.junit.runners.ParentRunner.run(ParentRunner.java:363)
	at org.springframework.test.context.junit4.SpringJUnit4ClassRunner.run(SpringJUnit4ClassRunner.java:190)
	at org.eclipse.jdt.internal.junit4.runner.JUnit4TestReference.run(JUnit4TestReference.java:86)
	at org.eclipse.jdt.internal.junit.runner.TestExecution.run(TestExecution.java:38)
	at org.eclipse.jdt.internal.junit.runner.RemoteTestRunner.runTests(RemoteTestRunner.java:538)
	at org.eclipse.jdt.internal.junit.runner.RemoteTestRunner.runTests(RemoteTestRunner.java:760)
	at org.eclipse.jdt.internal.junit.runner.RemoteTestRunner.run(RemoteTestRunner.java:460)
	at org.eclipse.jdt.internal.junit.runner.RemoteTestRunner.main(RemoteTestRunner.java:206)
Caused by: java.lang.IllegalStateException: Failed to introspect Class [com.github.pagehelper.autoconfigure.PageHelperAutoConfiguration] from ClassLoader [sun.misc.Launcher$AppClassLoader@49c2faae]
	at org.springframework.util.ReflectionUtils.getDeclaredFields(ReflectionUtils.java:758)
	at org.springframework.util.ReflectionUtils.doWithFields(ReflectionUtils.java:723)
	at org.springframework.util.ReflectionUtils.doWithFields(ReflectionUtils.java:708)
	at org.springframework.boot.test.mock.mockito.DefinitionsParser.parse(DefinitionsParser.java:62)
	at org.springframework.boot.test.mock.mockito.MockitoPostProcessor.postProcessBeanFactory(MockitoPostProcessor.java:139)
	at org.springframework.boot.test.mock.mockito.MockitoPostProcessor.postProcessBeanFactory(MockitoPostProcessor.java:131)
	at org.springframework.context.support.PostProcessorRegistrationDelegate.invokeBeanFactoryPostProcessors(PostProcessorRegistrationDelegate.java:282)
	at org.springframework.context.support.PostProcessorRegistrationDelegate.invokeBeanFactoryPostProcessors(PostProcessorRegistrationDelegate.java:170)
	at org.springframework.context.support.AbstractApplicationContext.invokeBeanFactoryPostProcessors(AbstractApplicationContext.java:694)
	at org.springframework.context.support.AbstractApplicationContext.refresh(AbstractApplicationContext.java:532)
	at org.springframework.boot.SpringApplication.refresh(SpringApplication.java:762)
	at org.springframework.boot.SpringApplication.refreshContext(SpringApplication.java:398)
	at org.springframework.boot.SpringApplication.run(SpringApplication.java:330)
	at org.springframework.boot.test.context.SpringBootContextLoader.loadContext(SpringBootContextLoader.java:139)
	at org.springframework.test.context.cache.DefaultCacheAwareContextLoaderDelegate.loadContextInternal(DefaultCacheAwareContextLoaderDelegate.java:99)
	at org.springframework.test.context.cache.DefaultCacheAwareContextLoaderDelegate.loadContext(DefaultCacheAwareContextLoaderDelegate.java:117)
	... 25 common frames omitted
Caused by: java.lang.NoClassDefFoundError: Lorg/springframework/boot/bind/RelaxedPropertyResolver;
	at java.lang.Class.getDeclaredFields0(Native Method)
	at java.lang.Class.privateGetDeclaredFields(Class.java:2583)
	at java.lang.Class.getDeclaredFields(Class.java:1916)
	at org.springframework.util.ReflectionUtils.getDeclaredFields(ReflectionUtils.java:753)
	... 40 common frames omitted
Caused by: java.lang.ClassNotFoundException: org.springframework.boot.bind.RelaxedPropertyResolver
	at java.net.URLClassLoader.findClass(URLClassLoader.java:381)
	at java.lang.ClassLoader.loadClass(ClassLoader.java:424)
	at sun.misc.Launcher$AppClassLoader.loadClass(Launcher.java:338)
	at java.lang.ClassLoader.loadClass(ClassLoader.java:357)
	... 44 common frames omitted
2018-08-17 10:32:26.790 [main] INFO  o.s.b.t.context.SpringBootTestContextBootstrapper - Neither @ContextConfiguration nor @ContextHierarchy found for test class [cn.inctech.app.StartAppTests], using SpringBootContextLoader
2018-08-17 10:32:26.797 [main] INFO  o.s.test.context.support.AbstractContextLoader - Could not detect default resource locations for test class [cn.inctech.app.StartAppTests]: no resource found for suffixes {-context.xml, Context.groovy}.
2018-08-17 10:32:26.798 [main] INFO  o.s.t.c.support.AnnotationConfigContextLoaderUtils - Could not detect default configuration classes for test class [cn.inctech.app.StartAppTests]: StartAppTests does not declare any static, non-private, non-final, nested classes annotated with @Configuration.
2018-08-17 10:32:26.920 [main] INFO  o.s.b.t.context.SpringBootTestContextBootstrapper - Found @SpringBootConfiguration cn.inctech.app.StartApp for test class cn.inctech.app.StartAppTests
2018-08-17 10:32:27.055 [main] INFO  o.s.b.t.context.SpringBootTestContextBootstrapper - Loaded default TestExecutionListener class names from location [META-INF/spring.factories]: [org.springframework.boot.test.mock.mockito.MockitoTestExecutionListener, org.springframework.boot.test.mock.mockito.ResetMocksTestExecutionListener, org.springframework.boot.test.autoconfigure.restdocs.RestDocsTestExecutionListener, org.springframework.boot.test.autoconfigure.web.client.MockRestServiceServerResetTestExecutionListener, org.springframework.boot.test.autoconfigure.web.servlet.MockMvcPrintOnlyOnFailureTestExecutionListener, org.springframework.boot.test.autoconfigure.web.servlet.WebDriverTestExecutionListener, org.springframework.test.context.web.ServletTestExecutionListener, org.springframework.test.context.support.DirtiesContextBeforeModesTestExecutionListener, org.springframework.test.context.support.DependencyInjectionTestExecutionListener, org.springframework.test.context.support.DirtiesContextTestExecutionListener, org.springframework.test.context.transaction.TransactionalTestExecutionListener, org.springframework.test.context.jdbc.SqlScriptsTestExecutionListener, org.springframework.security.test.context.support.WithSecurityContextTestExecutionListener, org.springframework.security.test.context.support.ReactorContextTestExecutionListener]
2018-08-17 10:32:27.076 [main] INFO  o.s.b.t.context.SpringBootTestContextBootstrapper - Using TestExecutionListeners: [org.springframework.test.context.web.ServletTestExecutionListener@79da8dc5, org.springframework.test.context.support.DirtiesContextBeforeModesTestExecutionListener@1eb5174b, org.springframework.boot.test.mock.mockito.MockitoTestExecutionListener@67080771, org.springframework.boot.test.autoconfigure.SpringBootDependencyInjectionTestExecutionListener@72cde7cc, org.springframework.test.context.support.DirtiesContextTestExecutionListener@5fd4f8f5, org.springframework.test.context.transaction.TransactionalTestExecutionListener@696da30b, org.springframework.test.context.jdbc.SqlScriptsTestExecutionListener@4e7912d8, org.springframework.security.test.context.support.WithSecurityContextTestExecutionListener@53976f5c, org.springframework.security.test.context.support.ReactorContextTestExecutionListener@2bfc268b, org.springframework.boot.test.mock.mockito.ResetMocksTestExecutionListener@2f8dad04, org.springframework.boot.test.autoconfigure.restdocs.RestDocsTestExecutionListener@29e495ff, org.springframework.boot.test.autoconfigure.web.client.MockRestServiceServerResetTestExecutionListener@41e1e210, org.springframework.boot.test.autoconfigure.web.servlet.MockMvcPrintOnlyOnFailureTestExecutionListener@be35cd9, org.springframework.boot.test.autoconfigure.web.servlet.WebDriverTestExecutionListener@4944252c]
2018-08-17 10:32:27.391 [main] INFO  cn.inctech.app.StartAppTests - Starting StartAppTests on srv-work with PID 13144 (started by Administrator in D:\java\work\sts_sp\inc_sys)
2018-08-17 10:32:27.392 [main] INFO  cn.inctech.app.StartAppTests - No active profile set, falling back to default profiles: default
2018-08-17 10:32:27.425 [main] INFO  o.s.w.context.support.GenericWebApplicationContext - Refreshing org.springframework.web.context.support.GenericWebApplicationContext@12a94400: startup date [Fri Aug 17 10:32:27 CST 2018]; root of context hierarchy
2018-08-17 10:32:28.485 [main] INFO  c.u.j.c.EnableEncryptablePropertiesBeanFactoryPostProcessor - Post-processing PropertySource instances
2018-08-17 10:32:28.729 [main] INFO  c.u.j.EncryptablePropertySourceConverter - Converting PropertySource configurationProperties [org.springframework.boot.context.properties.source.ConfigurationPropertySourcesPropertySource] to AOP Proxy
2018-08-17 10:32:28.733 [main] INFO  c.u.j.EncryptablePropertySourceConverter - Converting PropertySource Inlined Test Properties [org.springframework.core.env.MapPropertySource] to EncryptableMapPropertySourceWrapper
2018-08-17 10:32:28.733 [main] INFO  c.u.j.EncryptablePropertySourceConverter - Converting PropertySource systemProperties [org.springframework.core.env.MapPropertySource] to EncryptableMapPropertySourceWrapper
2018-08-17 10:32:28.734 [main] INFO  c.u.j.EncryptablePropertySourceConverter - Converting PropertySource systemEnvironment [org.springframework.boot.env.SystemEnvironmentPropertySourceEnvironmentPostProcessor$OriginAwareSystemEnvironmentPropertySource] to EncryptableMapPropertySourceWrapper
2018-08-17 10:32:28.734 [main] INFO  c.u.j.EncryptablePropertySourceConverter - Converting PropertySource random [org.springframework.boot.env.RandomValuePropertySource] to EncryptablePropertySourceWrapper
2018-08-17 10:32:28.734 [main] INFO  c.u.j.EncryptablePropertySourceConverter - Converting PropertySource applicationConfig: [classpath:/application.yml] [org.springframework.boot.env.OriginTrackedMapPropertySource] to EncryptableMapPropertySourceWrapper
2018-08-17 10:32:29.007 [main] INFO  c.u.j.filter.DefaultLazyPropertyFilter - Property Filter custom Bean not found with name 'encryptablePropertyFilter'. Initializing Default Property Filter
2018-08-17 10:32:29.139 [main] INFO  o.s.c.s.PostProcessorRegistrationDelegate$BeanPostProcessorChecker - Bean 'org.springframework.transaction.annotation.ProxyTransactionManagementConfiguration' of type [org.springframework.transaction.annotation.ProxyTransactionManagementConfiguration$$EnhancerBySpringCGLIB$$4d56cae9] is not eligible for getting processed by all BeanPostProcessors (for example: not eligible for auto-proxying)
2018-08-17 10:32:29.535 [main] INFO  o.s.c.s.PostProcessorRegistrationDelegate$BeanPostProcessorChecker - Bean 'org.springframework.security.config.annotation.configuration.ObjectPostProcessorConfiguration' of type [org.springframework.security.config.annotation.configuration.ObjectPostProcessorConfiguration$$EnhancerBySpringCGLIB$$e6049323] is not eligible for getting processed by all BeanPostProcessors (for example: not eligible for auto-proxying)
2018-08-17 10:32:29.577 [main] INFO  o.s.c.s.PostProcessorRegistrationDelegate$BeanPostProcessorChecker - Bean 'objectPostProcessor' of type [org.springframework.security.config.annotation.configuration.AutowireBeanFactoryObjectPostProcessor] is not eligible for getting processed by all BeanPostProcessors (for example: not eligible for auto-proxying)
2018-08-17 10:32:29.594 [main] INFO  o.s.c.s.PostProcessorRegistrationDelegate$BeanPostProcessorChecker - Bean 'org.springframework.security.access.expression.method.DefaultMethodSecurityExpressionHandler@10895b16' of type [org.springframework.security.access.expression.method.DefaultMethodSecurityExpressionHandler] is not eligible for getting processed by all BeanPostProcessors (for example: not eligible for auto-proxying)
2018-08-17 10:32:29.681 [main] INFO  o.s.c.s.PostProcessorRegistrationDelegate$BeanPostProcessorChecker - Bean 'org.springframework.security.config.annotation.method.configuration.GlobalMethodSecurityConfiguration' of type [org.springframework.security.config.annotation.method.configuration.GlobalMethodSecurityConfiguration$$EnhancerBySpringCGLIB$$ad935d5] is not eligible for getting processed by all BeanPostProcessors (for example: not eligible for auto-proxying)
2018-08-17 10:32:29.739 [main] INFO  o.s.c.s.PostProcessorRegistrationDelegate$BeanPostProcessorChecker - Bean 'methodSecurityMetadataSource' of type [org.springframework.security.access.method.DelegatingMethodSecurityMetadataSource] is not eligible for getting processed by all BeanPostProcessors (for example: not eligible for auto-proxying)
2018-08-17 10:32:29.868 [main] INFO  c.u.j.resolver.DefaultLazyPropertyResolver - Property Resolver custom Bean not found with name 'encryptablePropertyResolver'. Initializing Default Property Resolver
2018-08-17 10:32:29.873 [main] INFO  c.u.j.detector.DefaultLazyPropertyDetector - Property Detector custom Bean not found with name 'encryptablePropertyDetector'. Initializing Default Property Detector
2018-08-17 10:32:30.584 [main] INFO  com.alibaba.druid.pool.DruidDataSource - {dataSource-1} inited
2018-08-17 10:32:30.894 [main] INFO  o.s.orm.jpa.LocalContainerEntityManagerFactoryBean - Building JPA container EntityManagerFactory for persistence unit 'default'
2018-08-17 10:32:30.917 [main] INFO  org.hibernate.jpa.internal.util.LogHelper - HHH000204: Processing PersistenceUnitInfo [
	name: default
	...]
2018-08-17 10:32:31.007 [main] INFO  org.hibernate.Version - HHH000412: Hibernate Core {5.2.17.Final}
2018-08-17 10:32:31.009 [main] INFO  org.hibernate.cfg.Environment - HHH000206: hibernate.properties not found
2018-08-17 10:32:31.053 [main] INFO  org.hibernate.annotations.common.Version - HCANN000001: Hibernate Commons Annotations {5.0.1.Final}
2018-08-17 10:32:31.164 [main] INFO  org.hibernate.dialect.Dialect - HHH000400: Using dialect: org.hibernate.dialect.MySQL5Dialect
2018-08-17 10:32:32.045 [main] INFO  o.s.orm.jpa.LocalContainerEntityManagerFactoryBean - Initialized JPA EntityManagerFactory for persistence unit 'default'
2018-08-17 10:32:32.566 [main] INFO  o.s.w.s.m.m.a.RequestMappingHandlerMapping - Mapped "{[/]}" onto public java.lang.String cn.inctech.app.biz.demo.hello.action.HelloAction.index()
2018-08-17 10:32:32.567 [main] INFO  o.s.w.s.m.m.a.RequestMappingHandlerMapping - Mapped "{[/user_insert]}" onto public java.util.Map<java.lang.String, java.lang.Object> cn.inctech.app.biz.demo.user.action.UserAction.user_insert(cn.inctech.app.biz.demo.user.dao.UserModel)
2018-08-17 10:32:32.569 [main] INFO  o.s.w.s.m.m.a.RequestMappingHandlerMapping - Mapped "{[/login],methods=[POST]}" onto public void cn.inctech.app.sys.action.SysAction.pass_error(java.lang.String)
2018-08-17 10:32:32.569 [main] INFO  o.s.w.s.m.m.a.RequestMappingHandlerMapping - Mapped "{[/login_pass_error]}" onto public java.util.Map<java.lang.String, java.lang.Object> cn.inctech.app.sys.action.SysAction.login_pass_error()
2018-08-17 10:32:32.569 [main] INFO  o.s.w.s.m.m.a.RequestMappingHandlerMapping - Mapped "{[/login],methods=[GET]}" onto public void cn.inctech.app.sys.action.SysAction.login_error(java.lang.String)
2018-08-17 10:32:32.570 [main] INFO  o.s.w.s.m.m.a.RequestMappingHandlerMapping - Mapped "{[/403]}" onto public void cn.inctech.app.sys.action.SysAction.access_403()
2018-08-17 10:32:32.570 [main] INFO  o.s.w.s.m.m.a.RequestMappingHandlerMapping - Mapped "{[/login_success]}" onto public java.util.Map<java.lang.String, java.lang.Object> cn.inctech.app.sys.action.SysAction.login_success()
2018-08-17 10:32:32.570 [main] INFO  o.s.w.s.m.m.a.RequestMappingHandlerMapping - Mapped "{[/login_page]}" onto public java.lang.String cn.inctech.app.sys.action.SysAction.login_page()
2018-08-17 10:32:32.574 [main] INFO  o.s.w.s.m.m.a.RequestMappingHandlerMapping - Mapped "{[/error]}" onto public org.springframework.http.ResponseEntity<java.util.Map<java.lang.String, java.lang.Object>> org.springframework.boot.autoconfigure.web.servlet.error.BasicErrorController.error(javax.servlet.http.HttpServletRequest)
2018-08-17 10:32:32.575 [main] INFO  o.s.w.s.m.m.a.RequestMappingHandlerMapping - Mapped "{[/error],produces=[text/html]}" onto public org.springframework.web.servlet.ModelAndView org.springframework.boot.autoconfigure.web.servlet.error.BasicErrorController.errorHtml(javax.servlet.http.HttpServletRequest,javax.servlet.http.HttpServletResponse)
2018-08-17 10:32:32.686 [main] INFO  o.s.w.s.m.m.a.RequestMappingHandlerAdapter - Looking for @ControllerAdvice: org.springframework.web.context.support.GenericWebApplicationContext@12a94400: startup date [Fri Aug 17 10:32:27 CST 2018]; root of context hierarchy
2018-08-17 10:32:32.742 [main] INFO  o.s.w.s.m.m.a.ExceptionHandlerExceptionResolver - Detected @ExceptionHandler methods in sysActionHadnler
2018-08-17 10:32:33.230 [main] INFO  o.s.security.web.DefaultSecurityFilterChain - Creating filter chain: org.springframework.security.web.util.matcher.AnyRequestMatcher@1, [org.springframework.security.web.context.request.async.WebAsyncManagerIntegrationFilter@5ea7bc4, org.springframework.security.web.context.SecurityContextPersistenceFilter@b022551, org.springframework.security.web.header.HeaderWriterFilter@7739aac4, org.springframework.security.web.csrf.CsrfFilter@4f3356c0, org.springframework.security.web.authentication.logout.LogoutFilter@76563ae7, cn.inctech.app.common.security.spring.KaptchaAuthenticationFilter@39d77de9, org.springframework.security.web.authentication.UsernamePasswordAuthenticationFilter@1eeb5818, org.springframework.security.web.savedrequest.RequestCacheAwareFilter@5eb87338, org.springframework.security.web.servletapi.SecurityContextHolderAwareRequestFilter@67f946c3, org.springframework.security.web.authentication.rememberme.RememberMeAuthenticationFilter@c48b543, org.springframework.security.web.authentication.AnonymousAuthenticationFilter@696fad31, org.springframework.security.web.session.SessionManagementFilter@36c07c75, org.springframework.security.web.access.ExceptionTranslationFilter@7d37ee0c, org.springframework.security.web.access.intercept.FilterSecurityInterceptor@28ee882c]
2018-08-17 10:32:33.716 [main] WARN  o.s.b.a.o.j.JpaBaseConfiguration$JpaWebConfiguration$JpaWebMvcConfiguration - spring.jpa.open-in-view is enabled by default. Therefore, database queries may be performed during view rendering. Explicitly configure spring.jpa.open-in-view to disable this warning
2018-08-17 10:32:34.405 [main] INFO  o.s.b.a.s.s.UserDetailsServiceAutoConfiguration - 

Using generated security password: 52088a04-fed0-41c8-b5d3-a47b8fb4b213

2018-08-17 10:32:34.420 [main] INFO  cn.inctech.app.StartAppTests - Started StartAppTests in 7.3 seconds (JVM running for 8.447)
2018-08-17 10:32:34.766 [Thread-3] INFO  o.s.w.context.support.GenericWebApplicationContext - Closing org.springframework.web.context.support.GenericWebApplicationContext@12a94400: startup date [Fri Aug 17 10:32:27 CST 2018]; root of context hierarchy
2018-08-17 10:32:34.771 [Thread-3] INFO  o.s.orm.jpa.LocalContainerEntityManagerFactoryBean - Closing JPA EntityManagerFactory for persistence unit 'default'
2018-08-17 10:32:34.777 [Thread-3] INFO  com.alibaba.druid.pool.DruidDataSource - {dataSource-1} closed
